<?xml version="1.0" encoding="UTF-8"?>
<coverage generated="1618496948287" clover="3.2.0">
  <project timestamp="1618496948287" name="All files">
    <metrics statements="199" coveredstatements="199" conditionals="45" coveredconditionals="45" methods="7" coveredmethods="7" elements="251" coveredelements="251" complexity="0" loc="199" ncloc="199" packages="1" files="1" classes="1"/>
    <file name="script.js" path="E:\DevEducation\HomeWorkGit\HomeWorkEight\script.js">
      <metrics statements="199" coveredstatements="199" conditionals="45" coveredconditionals="45" methods="7" coveredmethods="7"/>
      <line num="1" count="1" type="stmt"/>
      <line num="2" count="10" type="cond" truecount="1" falsecount="0"/>
      <line num="3" count="10" type="cond" truecount="1" falsecount="0"/>
      <line num="4" count="3" type="stmt"/>
      <line num="5" count="3" type="stmt"/>
      <line num="6" count="7" type="cond" truecount="1" falsecount="0"/>
      <line num="7" count="7" type="stmt"/>
      <line num="8" count="10" type="cond" truecount="1" falsecount="0"/>
      <line num="9" count="28" type="cond" truecount="1" falsecount="0"/>
      <line num="10" count="15" type="stmt"/>
      <line num="11" count="15" type="stmt"/>
      <line num="12" count="28" type="cond" truecount="1" falsecount="0"/>
      <line num="13" count="6" type="stmt"/>
      <line num="14" count="6" type="stmt"/>
      <line num="15" count="6" type="stmt"/>
      <line num="16" count="28" type="cond" truecount="1" falsecount="0"/>
      <line num="17" count="7" type="stmt"/>
      <line num="18" count="7" type="cond" truecount="2" falsecount="0"/>
      <line num="19" count="7" type="stmt"/>
      <line num="20" count="28" type="cond" truecount="2" falsecount="0"/>
      <line num="21" count="28" type="stmt"/>
      <line num="22" count="3" type="cond" truecount="1" falsecount="0"/>
      <line num="23" count="3" type="stmt"/>
      <line num="24" count="1" type="stmt"/>
      <line num="25" count="5" type="cond" truecount="1" falsecount="0"/>
      <line num="26" count="5" type="cond" truecount="2" falsecount="0"/>
      <line num="27" count="2" type="stmt"/>
      <line num="28" count="2" type="stmt"/>
      <line num="29" count="3" type="cond" truecount="1" falsecount="0"/>
      <line num="30" count="3" type="stmt"/>
      <line num="31" count="3" type="cond" truecount="1" falsecount="0"/>
      <line num="32" count="7" type="cond" truecount="1" falsecount="0"/>
      <line num="33" count="19" type="stmt"/>
      <line num="34" count="19" type="cond" truecount="1" falsecount="0"/>
      <line num="35" count="9" type="stmt"/>
      <line num="36" count="19" type="cond" truecount="1" falsecount="0"/>
      <line num="37" count="2" type="stmt"/>
      <line num="38" count="2" type="stmt"/>
      <line num="39" count="19" type="stmt"/>
      <line num="40" count="19" type="cond" truecount="1" falsecount="0"/>
      <line num="41" count="10" type="stmt"/>
      <line num="42" count="19" type="cond" truecount="1" falsecount="0"/>
      <line num="43" count="6" type="stmt"/>
      <line num="44" count="6" type="stmt"/>
      <line num="45" count="19" type="cond" truecount="1" falsecount="0"/>
      <line num="46" count="4" type="stmt"/>
      <line num="47" count="4" type="stmt"/>
      <line num="48" count="19" type="stmt"/>
      <line num="49" count="7" type="stmt"/>
      <line num="50" count="3" type="stmt"/>
      <line num="51" count="3" type="stmt"/>
      <line num="52" count="3" type="stmt"/>
      <line num="53" count="1" type="stmt"/>
      <line num="54" count="1" type="stmt"/>
      <line num="55" count="1" type="stmt"/>
      <line num="56" count="1" type="stmt"/>
      <line num="57" count="1" type="stmt"/>
      <line num="58" count="1" type="stmt"/>
      <line num="59" count="1" type="stmt"/>
      <line num="60" count="1" type="stmt"/>
      <line num="61" count="1" type="stmt"/>
      <line num="62" count="1" type="stmt"/>
      <line num="63" count="1" type="stmt"/>
      <line num="64" count="1" type="stmt"/>
      <line num="65" count="1" type="stmt"/>
      <line num="66" count="1" type="stmt"/>
      <line num="67" count="1" type="stmt"/>
      <line num="68" count="1" type="stmt"/>
      <line num="69" count="1" type="stmt"/>
      <line num="70" count="1" type="stmt"/>
      <line num="71" count="1" type="stmt"/>
      <line num="72" count="1" type="stmt"/>
      <line num="73" count="1" type="stmt"/>
      <line num="74" count="1" type="stmt"/>
      <line num="75" count="1" type="stmt"/>
      <line num="76" count="1" type="stmt"/>
      <line num="77" count="1" type="stmt"/>
      <line num="78" count="1" type="stmt"/>
      <line num="79" count="1" type="stmt"/>
      <line num="80" count="1" type="stmt"/>
      <line num="81" count="1" type="stmt"/>
      <line num="82" count="1" type="stmt"/>
      <line num="83" count="1" type="stmt"/>
      <line num="84" count="1" type="stmt"/>
      <line num="85" count="1" type="stmt"/>
      <line num="86" count="1" type="stmt"/>
      <line num="87" count="1" type="stmt"/>
      <line num="88" count="1" type="stmt"/>
      <line num="89" count="1" type="stmt"/>
      <line num="90" count="1" type="stmt"/>
      <line num="91" count="1" type="stmt"/>
      <line num="92" count="1" type="stmt"/>
      <line num="93" count="1" type="stmt"/>
      <line num="94" count="1" type="stmt"/>
      <line num="95" count="1" type="stmt"/>
      <line num="96" count="1" type="stmt"/>
      <line num="97" count="1" type="stmt"/>
      <line num="98" count="1" type="stmt"/>
      <line num="99" count="1" type="stmt"/>
      <line num="100" count="1" type="stmt"/>
      <line num="101" count="1" type="stmt"/>
      <line num="102" count="1" type="stmt"/>
      <line num="103" count="1" type="stmt"/>
      <line num="104" count="1" type="stmt"/>
      <line num="105" count="1" type="stmt"/>
      <line num="106" count="1" type="stmt"/>
      <line num="107" count="1" type="stmt"/>
      <line num="108" count="1" type="stmt"/>
      <line num="109" count="1" type="stmt"/>
      <line num="110" count="1" type="stmt"/>
      <line num="111" count="1" type="stmt"/>
      <line num="112" count="1" type="stmt"/>
      <line num="113" count="1" type="stmt"/>
      <line num="114" count="1" type="stmt"/>
      <line num="115" count="1" type="stmt"/>
      <line num="116" count="8" type="cond" truecount="1" falsecount="0"/>
      <line num="117" count="8" type="cond" truecount="2" falsecount="0"/>
      <line num="118" count="2" type="stmt"/>
      <line num="119" count="2" type="stmt"/>
      <line num="120" count="6" type="cond" truecount="1" falsecount="0"/>
      <line num="121" count="6" type="stmt"/>
      <line num="122" count="6" type="stmt"/>
      <line num="123" count="6" type="stmt"/>
      <line num="124" count="6" type="stmt"/>
      <line num="125" count="6" type="stmt"/>
      <line num="126" count="6" type="stmt"/>
      <line num="127" count="6" type="stmt"/>
      <line num="128" count="6" type="stmt"/>
      <line num="129" count="6" type="stmt"/>
      <line num="130" count="6" type="stmt"/>
      <line num="131" count="6" type="stmt"/>
      <line num="132" count="8" type="cond" truecount="1" falsecount="0"/>
      <line num="133" count="2" type="stmt"/>
      <line num="134" count="2" type="stmt"/>
      <line num="135" count="2" type="stmt"/>
      <line num="136" count="2" type="stmt"/>
      <line num="137" count="2" type="stmt"/>
      <line num="138" count="8" type="cond" truecount="1" falsecount="0"/>
      <line num="139" count="4" type="stmt"/>
      <line num="140" count="4" type="cond" truecount="1" falsecount="0"/>
      <line num="141" count="1" type="stmt"/>
      <line num="142" count="1" type="stmt"/>
      <line num="143" count="1" type="stmt"/>
      <line num="144" count="4" type="stmt"/>
      <line num="145" count="6" type="cond" truecount="1" falsecount="0"/>
      <line num="146" count="6" type="cond" truecount="1" falsecount="0"/>
      <line num="147" count="20" type="cond" truecount="1" falsecount="0"/>
      <line num="148" count="6" type="stmt"/>
      <line num="149" count="20" type="cond" truecount="1" falsecount="0"/>
      <line num="150" count="14" type="stmt"/>
      <line num="151" count="14" type="stmt"/>
      <line num="152" count="14" type="stmt"/>
      <line num="153" count="20" type="stmt"/>
      <line num="154" count="6" type="stmt"/>
      <line num="155" count="6" type="stmt"/>
      <line num="156" count="8" type="cond" truecount="1" falsecount="0"/>
      <line num="157" count="16" type="cond" truecount="1" falsecount="0"/>
      <line num="158" count="6" type="cond" truecount="1" falsecount="0"/>
      <line num="159" count="2" type="stmt"/>
      <line num="160" count="2" type="stmt"/>
      <line num="161" count="6" type="cond" truecount="1" falsecount="0"/>
      <line num="162" count="4" type="stmt"/>
      <line num="163" count="4" type="stmt"/>
      <line num="164" count="4" type="stmt"/>
      <line num="165" count="6" type="stmt"/>
      <line num="166" count="16" type="stmt"/>
      <line num="167" count="6" type="cond" truecount="1" falsecount="0"/>
      <line num="168" count="6" type="stmt"/>
      <line num="169" count="1" type="stmt"/>
      <line num="170" count="1" type="stmt"/>
      <line num="171" count="1" type="stmt"/>
      <line num="172" count="6" type="cond" truecount="1" falsecount="0"/>
      <line num="173" count="6" type="stmt"/>
      <line num="174" count="6" type="stmt"/>
      <line num="175" count="1" type="stmt"/>
      <line num="176" count="4" type="cond" truecount="1" falsecount="0"/>
      <line num="177" count="4" type="stmt"/>
      <line num="178" count="4" type="stmt"/>
      <line num="179" count="4" type="cond" truecount="1" falsecount="0"/>
      <line num="180" count="8" type="cond" truecount="1" falsecount="0"/>
      <line num="181" count="6" type="cond" truecount="1" falsecount="0"/>
      <line num="182" count="5" type="stmt"/>
      <line num="183" count="5" type="stmt"/>
      <line num="184" count="6" type="stmt"/>
      <line num="185" count="3" type="cond" truecount="1" falsecount="0"/>
      <line num="186" count="3" type="stmt"/>
      <line num="187" count="3" type="stmt"/>
      <line num="188" count="3" type="stmt"/>
      <line num="189" count="4" type="stmt"/>
      <line num="190" count="1" type="stmt"/>
      <line num="191" count="1" type="stmt"/>
      <line num="192" count="1" type="stmt"/>
      <line num="193" count="1" type="stmt"/>
      <line num="194" count="1" type="stmt"/>
      <line num="195" count="1" type="stmt"/>
      <line num="196" count="1" type="stmt"/>
      <line num="197" count="1" type="stmt"/>
      <line num="198" count="1" type="stmt"/>
      <line num="199" count="1" type="stmt"/>
    </file>
  </project>
</coverage>
