{"E:\\DevEducation\\HomeWorkGit\\HomeWorkEight\\script.js": {"path":"E:\\DevEducation\\HomeWorkGit\\HomeWorkEight\\script.js","all":false,"statementMap":{"0":{"start":{"line":1,"column":0},"end":{"line":1,"column":14}},"1":{"start":{"line":2,"column":0},"end":{"line":2,"column":35}},"2":{"start":{"line":3,"column":0},"end":{"line":3,"column":30}},"3":{"start":{"line":4,"column":0},"end":{"line":4,"column":17}},"4":{"start":{"line":5,"column":0},"end":{"line":5,"column":3}},"5":{"start":{"line":6,"column":0},"end":{"line":6,"column":17}},"6":{"start":{"line":7,"column":0},"end":{"line":7,"column":17}},"7":{"start":{"line":8,"column":0},"end":{"line":8,"column":28}},"8":{"start":{"line":9,"column":0},"end":{"line":9,"column":23}},"9":{"start":{"line":10,"column":0},"end":{"line":10,"column":15}},"10":{"start":{"line":11,"column":0},"end":{"line":11,"column":5}},"11":{"start":{"line":12,"column":0},"end":{"line":12,"column":23}},"12":{"start":{"line":13,"column":0},"end":{"line":13,"column":15}},"13":{"start":{"line":14,"column":0},"end":{"line":14,"column":15}},"14":{"start":{"line":15,"column":0},"end":{"line":15,"column":5}},"15":{"start":{"line":16,"column":0},"end":{"line":16,"column":24}},"16":{"start":{"line":17,"column":0},"end":{"line":17,"column":15}},"17":{"start":{"line":18,"column":0},"end":{"line":18,"column":44}},"18":{"start":{"line":19,"column":0},"end":{"line":19,"column":5}},"19":{"start":{"line":20,"column":0},"end":{"line":20,"column":46}},"20":{"start":{"line":21,"column":0},"end":{"line":21,"column":3}},"21":{"start":{"line":22,"column":0},"end":{"line":22,"column":15}},"22":{"start":{"line":23,"column":0},"end":{"line":23,"column":1}},"23":{"start":{"line":24,"column":0},"end":{"line":24,"column":71}},"24":{"start":{"line":25,"column":0},"end":{"line":25,"column":64}},"25":{"start":{"line":26,"column":0},"end":{"line":26,"column":64}},"26":{"start":{"line":27,"column":0},"end":{"line":27,"column":31}},"27":{"start":{"line":28,"column":0},"end":{"line":28,"column":3}},"28":{"start":{"line":29,"column":0},"end":{"line":29,"column":23}},"29":{"start":{"line":30,"column":0},"end":{"line":30,"column":26}},"30":{"start":{"line":31,"column":0},"end":{"line":31,"column":40}},"31":{"start":{"line":32,"column":0},"end":{"line":32,"column":44}},"32":{"start":{"line":33,"column":0},"end":{"line":33,"column":10}},"33":{"start":{"line":34,"column":0},"end":{"line":34,"column":46}},"34":{"start":{"line":35,"column":0},"end":{"line":35,"column":38}},"35":{"start":{"line":36,"column":0},"end":{"line":36,"column":9}},"36":{"start":{"line":37,"column":0},"end":{"line":37,"column":23}},"37":{"start":{"line":38,"column":0},"end":{"line":38,"column":7}},"38":{"start":{"line":39,"column":0},"end":{"line":39,"column":10}},"39":{"start":{"line":40,"column":0},"end":{"line":40,"column":45}},"40":{"start":{"line":41,"column":0},"end":{"line":41,"column":38}},"41":{"start":{"line":42,"column":0},"end":{"line":42,"column":9}},"42":{"start":{"line":43,"column":0},"end":{"line":43,"column":26}},"43":{"start":{"line":44,"column":0},"end":{"line":44,"column":7}},"44":{"start":{"line":45,"column":0},"end":{"line":45,"column":30}},"45":{"start":{"line":46,"column":0},"end":{"line":46,"column":48}},"46":{"start":{"line":47,"column":0},"end":{"line":47,"column":7}},"47":{"start":{"line":48,"column":0},"end":{"line":48,"column":5}},"48":{"start":{"line":49,"column":0},"end":{"line":49,"column":3}},"49":{"start":{"line":50,"column":0},"end":{"line":50,"column":30}},"50":{"start":{"line":51,"column":0},"end":{"line":51,"column":41}},"51":{"start":{"line":52,"column":0},"end":{"line":52,"column":1}},"52":{"start":{"line":53,"column":0},"end":{"line":53,"column":20}},"53":{"start":{"line":54,"column":0},"end":{"line":54,"column":3}},"54":{"start":{"line":55,"column":0},"end":{"line":55,"column":10}},"55":{"start":{"line":56,"column":0},"end":{"line":56,"column":23}},"56":{"start":{"line":57,"column":0},"end":{"line":57,"column":21}},"57":{"start":{"line":58,"column":0},"end":{"line":58,"column":21}},"58":{"start":{"line":59,"column":0},"end":{"line":59,"column":15}},"59":{"start":{"line":60,"column":0},"end":{"line":60,"column":7}},"60":{"start":{"line":61,"column":0},"end":{"line":61,"column":16}},"61":{"start":{"line":62,"column":0},"end":{"line":62,"column":33}},"62":{"start":{"line":63,"column":0},"end":{"line":63,"column":25}},"63":{"start":{"line":64,"column":0},"end":{"line":64,"column":24}},"64":{"start":{"line":65,"column":0},"end":{"line":65,"column":8}},"65":{"start":{"line":66,"column":0},"end":{"line":66,"column":7}},"66":{"start":{"line":67,"column":0},"end":{"line":67,"column":16}},"67":{"start":{"line":68,"column":0},"end":{"line":68,"column":33}},"68":{"start":{"line":69,"column":0},"end":{"line":69,"column":25}},"69":{"start":{"line":70,"column":0},"end":{"line":70,"column":24}},"70":{"start":{"line":71,"column":0},"end":{"line":71,"column":8}},"71":{"start":{"line":72,"column":0},"end":{"line":72,"column":6}},"72":{"start":{"line":73,"column":0},"end":{"line":73,"column":4}},"73":{"start":{"line":74,"column":0},"end":{"line":74,"column":3}},"74":{"start":{"line":75,"column":0},"end":{"line":75,"column":10}},"75":{"start":{"line":76,"column":0},"end":{"line":76,"column":23}},"76":{"start":{"line":77,"column":0},"end":{"line":77,"column":21}},"77":{"start":{"line":78,"column":0},"end":{"line":78,"column":21}},"78":{"start":{"line":79,"column":0},"end":{"line":79,"column":15}},"79":{"start":{"line":80,"column":0},"end":{"line":80,"column":7}},"80":{"start":{"line":81,"column":0},"end":{"line":81,"column":16}},"81":{"start":{"line":82,"column":0},"end":{"line":82,"column":33}},"82":{"start":{"line":83,"column":0},"end":{"line":83,"column":25}},"83":{"start":{"line":84,"column":0},"end":{"line":84,"column":24}},"84":{"start":{"line":85,"column":0},"end":{"line":85,"column":8}},"85":{"start":{"line":86,"column":0},"end":{"line":86,"column":7}},"86":{"start":{"line":87,"column":0},"end":{"line":87,"column":16}},"87":{"start":{"line":88,"column":0},"end":{"line":88,"column":33}},"88":{"start":{"line":89,"column":0},"end":{"line":89,"column":25}},"89":{"start":{"line":90,"column":0},"end":{"line":90,"column":24}},"90":{"start":{"line":91,"column":0},"end":{"line":91,"column":8}},"91":{"start":{"line":92,"column":0},"end":{"line":92,"column":7}},"92":{"start":{"line":93,"column":0},"end":{"line":93,"column":16}},"93":{"start":{"line":94,"column":0},"end":{"line":94,"column":33}},"94":{"start":{"line":95,"column":0},"end":{"line":95,"column":25}},"95":{"start":{"line":96,"column":0},"end":{"line":96,"column":24}},"96":{"start":{"line":97,"column":0},"end":{"line":97,"column":8}},"97":{"start":{"line":98,"column":0},"end":{"line":98,"column":6}},"98":{"start":{"line":99,"column":0},"end":{"line":99,"column":4}},"99":{"start":{"line":100,"column":0},"end":{"line":100,"column":3}},"100":{"start":{"line":101,"column":0},"end":{"line":101,"column":10}},"101":{"start":{"line":102,"column":0},"end":{"line":102,"column":23}},"102":{"start":{"line":103,"column":0},"end":{"line":103,"column":21}},"103":{"start":{"line":104,"column":0},"end":{"line":104,"column":20}},"104":{"start":{"line":105,"column":0},"end":{"line":105,"column":4}},"105":{"start":{"line":106,"column":0},"end":{"line":106,"column":3}},"106":{"start":{"line":107,"column":0},"end":{"line":107,"column":10}},"107":{"start":{"line":108,"column":0},"end":{"line":108,"column":23}},"108":{"start":{"line":109,"column":0},"end":{"line":109,"column":21}},"109":{"start":{"line":110,"column":0},"end":{"line":110,"column":20}},"110":{"start":{"line":111,"column":0},"end":{"line":111,"column":4}},"111":{"start":{"line":112,"column":0},"end":{"line":112,"column":2}},"112":{"start":{"line":113,"column":0},"end":{"line":113,"column":0}},"113":{"start":{"line":114,"column":0},"end":{"line":114,"column":24}},"114":{"start":{"line":115,"column":0},"end":{"line":115,"column":0}},"115":{"start":{"line":116,"column":0},"end":{"line":116,"column":23}},"116":{"start":{"line":117,"column":0},"end":{"line":117,"column":59}},"117":{"start":{"line":118,"column":0},"end":{"line":118,"column":30}},"118":{"start":{"line":119,"column":0},"end":{"line":119,"column":3}},"119":{"start":{"line":120,"column":0},"end":{"line":120,"column":19}},"120":{"start":{"line":121,"column":0},"end":{"line":121,"column":55}},"121":{"start":{"line":122,"column":0},"end":{"line":122,"column":56}},"122":{"start":{"line":123,"column":0},"end":{"line":123,"column":57}},"123":{"start":{"line":124,"column":0},"end":{"line":124,"column":58}},"124":{"start":{"line":125,"column":0},"end":{"line":125,"column":59}},"125":{"start":{"line":126,"column":0},"end":{"line":126,"column":60}},"126":{"start":{"line":127,"column":0},"end":{"line":127,"column":61}},"127":{"start":{"line":128,"column":0},"end":{"line":128,"column":62}},"128":{"start":{"line":129,"column":0},"end":{"line":129,"column":63}},"129":{"start":{"line":130,"column":0},"end":{"line":130,"column":64}},"130":{"start":{"line":131,"column":0},"end":{"line":131,"column":4}},"131":{"start":{"line":132,"column":0},"end":{"line":132,"column":28}},"132":{"start":{"line":133,"column":0},"end":{"line":133,"column":14}},"133":{"start":{"line":134,"column":0},"end":{"line":134,"column":33}},"134":{"start":{"line":135,"column":0},"end":{"line":135,"column":18}},"135":{"start":{"line":136,"column":0},"end":{"line":136,"column":10}},"136":{"start":{"line":137,"column":0},"end":{"line":137,"column":5}},"137":{"start":{"line":138,"column":0},"end":{"line":138,"column":10}},"138":{"start":{"line":139,"column":0},"end":{"line":139,"column":14}},"139":{"start":{"line":140,"column":0},"end":{"line":140,"column":33}},"140":{"start":{"line":141,"column":0},"end":{"line":141,"column":18}},"141":{"start":{"line":142,"column":0},"end":{"line":142,"column":10}},"142":{"start":{"line":143,"column":0},"end":{"line":143,"column":5}},"143":{"start":{"line":144,"column":0},"end":{"line":144,"column":3}},"144":{"start":{"line":145,"column":0},"end":{"line":145,"column":18}},"145":{"start":{"line":146,"column":0},"end":{"line":146,"column":27}},"146":{"start":{"line":147,"column":0},"end":{"line":147,"column":17}},"147":{"start":{"line":148,"column":0},"end":{"line":148,"column":20}},"148":{"start":{"line":149,"column":0},"end":{"line":149,"column":12}},"149":{"start":{"line":150,"column":0},"end":{"line":150,"column":52}},"150":{"start":{"line":151,"column":0},"end":{"line":151,"column":25}},"151":{"start":{"line":152,"column":0},"end":{"line":152,"column":5}},"152":{"start":{"line":153,"column":0},"end":{"line":153,"column":3}},"153":{"start":{"line":154,"column":0},"end":{"line":154,"column":0}},"154":{"start":{"line":155,"column":0},"end":{"line":155,"column":24}},"155":{"start":{"line":156,"column":0},"end":{"line":156,"column":43}},"156":{"start":{"line":157,"column":0},"end":{"line":157,"column":32}},"157":{"start":{"line":158,"column":0},"end":{"line":158,"column":39}},"158":{"start":{"line":159,"column":0},"end":{"line":159,"column":37}},"159":{"start":{"line":160,"column":0},"end":{"line":160,"column":50}},"160":{"start":{"line":161,"column":0},"end":{"line":161,"column":14}},"161":{"start":{"line":162,"column":0},"end":{"line":162,"column":61}},"162":{"start":{"line":163,"column":0},"end":{"line":163,"column":42}},"163":{"start":{"line":164,"column":0},"end":{"line":164,"column":7}},"164":{"start":{"line":165,"column":0},"end":{"line":165,"column":5}},"165":{"start":{"line":166,"column":0},"end":{"line":166,"column":3}},"166":{"start":{"line":167,"column":0},"end":{"line":167,"column":25}},"167":{"start":{"line":168,"column":0},"end":{"line":168,"column":1}},"168":{"start":{"line":169,"column":0},"end":{"line":169,"column":0}},"169":{"start":{"line":170,"column":0},"end":{"line":170,"column":8}},"170":{"start":{"line":171,"column":0},"end":{"line":171,"column":0}},"171":{"start":{"line":172,"column":0},"end":{"line":172,"column":38}},"172":{"start":{"line":173,"column":0},"end":{"line":173,"column":21}},"173":{"start":{"line":174,"column":0},"end":{"line":174,"column":1}},"174":{"start":{"line":175,"column":0},"end":{"line":175,"column":0}},"175":{"start":{"line":176,"column":0},"end":{"line":176,"column":22}},"176":{"start":{"line":177,"column":0},"end":{"line":177,"column":17}},"177":{"start":{"line":178,"column":0},"end":{"line":178,"column":0}},"178":{"start":{"line":179,"column":0},"end":{"line":179,"column":32}},"179":{"start":{"line":180,"column":0},"end":{"line":180,"column":44}},"180":{"start":{"line":181,"column":0},"end":{"line":181,"column":77}},"181":{"start":{"line":182,"column":0},"end":{"line":182,"column":31}},"182":{"start":{"line":183,"column":0},"end":{"line":183,"column":7}},"183":{"start":{"line":184,"column":0},"end":{"line":184,"column":5}},"184":{"start":{"line":185,"column":0},"end":{"line":185,"column":34}},"185":{"start":{"line":186,"column":0},"end":{"line":186,"column":67}},"186":{"start":{"line":187,"column":0},"end":{"line":187,"column":18}},"187":{"start":{"line":188,"column":0},"end":{"line":188,"column":4}},"188":{"start":{"line":189,"column":0},"end":{"line":189,"column":1}},"189":{"start":{"line":190,"column":0},"end":{"line":190,"column":40}},"190":{"start":{"line":191,"column":0},"end":{"line":191,"column":0}},"191":{"start":{"line":192,"column":0},"end":{"line":192,"column":18}},"192":{"start":{"line":193,"column":0},"end":{"line":193,"column":18}},"193":{"start":{"line":194,"column":0},"end":{"line":194,"column":8}},"194":{"start":{"line":195,"column":0},"end":{"line":195,"column":20}},"195":{"start":{"line":196,"column":0},"end":{"line":196,"column":37}},"196":{"start":{"line":197,"column":0},"end":{"line":197,"column":9}},"197":{"start":{"line":198,"column":0},"end":{"line":198,"column":12}},"198":{"start":{"line":199,"column":0},"end":{"line":199,"column":2}}},"s":{"0":1,"1":10,"2":10,"3":3,"4":3,"5":7,"6":7,"7":10,"8":28,"9":15,"10":15,"11":28,"12":6,"13":6,"14":6,"15":28,"16":7,"17":7,"18":7,"19":28,"20":28,"21":3,"22":3,"23":1,"24":5,"25":5,"26":2,"27":2,"28":3,"29":3,"30":3,"31":7,"32":19,"33":19,"34":9,"35":19,"36":2,"37":2,"38":19,"39":19,"40":10,"41":19,"42":6,"43":6,"44":19,"45":4,"46":4,"47":19,"48":7,"49":3,"50":3,"51":3,"52":1,"53":1,"54":1,"55":1,"56":1,"57":1,"58":1,"59":1,"60":1,"61":1,"62":1,"63":1,"64":1,"65":1,"66":1,"67":1,"68":1,"69":1,"70":1,"71":1,"72":1,"73":1,"74":1,"75":1,"76":1,"77":1,"78":1,"79":1,"80":1,"81":1,"82":1,"83":1,"84":1,"85":1,"86":1,"87":1,"88":1,"89":1,"90":1,"91":1,"92":1,"93":1,"94":1,"95":1,"96":1,"97":1,"98":1,"99":1,"100":1,"101":1,"102":1,"103":1,"104":1,"105":1,"106":1,"107":1,"108":1,"109":1,"110":1,"111":1,"112":1,"113":1,"114":1,"115":8,"116":8,"117":2,"118":2,"119":6,"120":6,"121":6,"122":6,"123":6,"124":6,"125":6,"126":6,"127":6,"128":6,"129":6,"130":6,"131":8,"132":2,"133":2,"134":2,"135":2,"136":2,"137":8,"138":4,"139":4,"140":1,"141":1,"142":1,"143":4,"144":6,"145":6,"146":20,"147":6,"148":20,"149":14,"150":14,"151":14,"152":20,"153":6,"154":6,"155":8,"156":16,"157":6,"158":2,"159":2,"160":6,"161":4,"162":4,"163":4,"164":6,"165":16,"166":6,"167":6,"168":1,"169":1,"170":1,"171":6,"172":6,"173":6,"174":1,"175":4,"176":4,"177":4,"178":4,"179":8,"180":6,"181":5,"182":5,"183":6,"184":3,"185":3,"186":3,"187":3,"188":4,"189":1,"190":1,"191":1,"192":1,"193":1,"194":1,"195":1,"196":1,"197":1,"198":1},"branchMap":{"0":{"type":"branch","line":2,"loc":{"start":{"line":2,"column":0},"end":{"line":23,"column":1}},"locations":[{"start":{"line":2,"column":0},"end":{"line":23,"column":1}}]},"1":{"type":"branch","line":3,"loc":{"start":{"line":3,"column":29},"end":{"line":5,"column":3}},"locations":[{"start":{"line":3,"column":29},"end":{"line":5,"column":3}}]},"2":{"type":"branch","line":6,"loc":{"start":{"line":6,"column":-2},"end":{"line":8,"column":7}},"locations":[{"start":{"line":6,"column":-2},"end":{"line":8,"column":7}}]},"3":{"type":"branch","line":8,"loc":{"start":{"line":8,"column":27},"end":{"line":21,"column":3}},"locations":[{"start":{"line":8,"column":27},"end":{"line":21,"column":3}}]},"4":{"type":"branch","line":9,"loc":{"start":{"line":9,"column":22},"end":{"line":11,"column":5}},"locations":[{"start":{"line":9,"column":22},"end":{"line":11,"column":5}}]},"5":{"type":"branch","line":12,"loc":{"start":{"line":12,"column":22},"end":{"line":15,"column":5}},"locations":[{"start":{"line":12,"column":22},"end":{"line":15,"column":5}}]},"6":{"type":"branch","line":16,"loc":{"start":{"line":16,"column":23},"end":{"line":19,"column":5}},"locations":[{"start":{"line":16,"column":23},"end":{"line":19,"column":5}}]},"7":{"type":"branch","line":18,"loc":{"start":{"line":18,"column":6},"end":{"line":18,"column":31}},"locations":[{"start":{"line":18,"column":6},"end":{"line":18,"column":31}}]},"8":{"type":"branch","line":18,"loc":{"start":{"line":18,"column":6},"end":{"line":18,"column":44}},"locations":[{"start":{"line":18,"column":6},"end":{"line":18,"column":44}}]},"9":{"type":"branch","line":20,"loc":{"start":{"line":20,"column":8},"end":{"line":20,"column":34}},"locations":[{"start":{"line":20,"column":8},"end":{"line":20,"column":34}}]},"10":{"type":"branch","line":20,"loc":{"start":{"line":20,"column":34},"end":{"line":20,"column":41}},"locations":[{"start":{"line":20,"column":34},"end":{"line":20,"column":41}}]},"11":{"type":"branch","line":22,"loc":{"start":{"line":22,"column":-2},"end":{"line":23,"column":1}},"locations":[{"start":{"line":22,"column":-2},"end":{"line":23,"column":1}}]},"12":{"type":"branch","line":25,"loc":{"start":{"line":25,"column":0},"end":{"line":52,"column":1}},"locations":[{"start":{"line":25,"column":0},"end":{"line":52,"column":1}}]},"13":{"type":"branch","line":26,"loc":{"start":{"line":26,"column":6},"end":{"line":26,"column":63}},"locations":[{"start":{"line":26,"column":6},"end":{"line":26,"column":63}}]},"14":{"type":"branch","line":26,"loc":{"start":{"line":26,"column":63},"end":{"line":28,"column":3}},"locations":[{"start":{"line":26,"column":63},"end":{"line":28,"column":3}}]},"15":{"type":"branch","line":29,"loc":{"start":{"line":29,"column":-2},"end":{"line":52,"column":1}},"locations":[{"start":{"line":29,"column":-2},"end":{"line":52,"column":1}}]},"16":{"type":"branch","line":31,"loc":{"start":{"line":31,"column":2},"end":{"line":49,"column":3}},"locations":[{"start":{"line":31,"column":2},"end":{"line":49,"column":3}}]},"17":{"type":"branch","line":32,"loc":{"start":{"line":32,"column":43},"end":{"line":48,"column":5}},"locations":[{"start":{"line":32,"column":43},"end":{"line":48,"column":5}}]},"18":{"type":"branch","line":34,"loc":{"start":{"line":34,"column":8},"end":{"line":35,"column":38}},"locations":[{"start":{"line":34,"column":8},"end":{"line":35,"column":38}}]},"19":{"type":"branch","line":36,"loc":{"start":{"line":36,"column":8},"end":{"line":38,"column":7}},"locations":[{"start":{"line":36,"column":8},"end":{"line":38,"column":7}}]},"20":{"type":"branch","line":40,"loc":{"start":{"line":40,"column":8},"end":{"line":41,"column":38}},"locations":[{"start":{"line":40,"column":8},"end":{"line":41,"column":38}}]},"21":{"type":"branch","line":42,"loc":{"start":{"line":42,"column":8},"end":{"line":44,"column":7}},"locations":[{"start":{"line":42,"column":8},"end":{"line":44,"column":7}}]},"22":{"type":"branch","line":45,"loc":{"start":{"line":45,"column":29},"end":{"line":47,"column":7}},"locations":[{"start":{"line":45,"column":29},"end":{"line":47,"column":7}}]},"23":{"type":"branch","line":116,"loc":{"start":{"line":116,"column":0},"end":{"line":168,"column":1}},"locations":[{"start":{"line":116,"column":0},"end":{"line":168,"column":1}}]},"24":{"type":"branch","line":117,"loc":{"start":{"line":117,"column":5},"end":{"line":117,"column":58}},"locations":[{"start":{"line":117,"column":5},"end":{"line":117,"column":58}}]},"25":{"type":"branch","line":117,"loc":{"start":{"line":117,"column":58},"end":{"line":119,"column":3}},"locations":[{"start":{"line":117,"column":58},"end":{"line":119,"column":3}}]},"26":{"type":"branch","line":120,"loc":{"start":{"line":120,"column":-2},"end":{"line":132,"column":6}},"locations":[{"start":{"line":120,"column":-2},"end":{"line":132,"column":6}}]},"27":{"type":"branch","line":132,"loc":{"start":{"line":132,"column":27},"end":{"line":138,"column":9}},"locations":[{"start":{"line":132,"column":27},"end":{"line":138,"column":9}}]},"28":{"type":"branch","line":138,"loc":{"start":{"line":138,"column":3},"end":{"line":144,"column":3}},"locations":[{"start":{"line":138,"column":3},"end":{"line":144,"column":3}}]},"29":{"type":"branch","line":140,"loc":{"start":{"line":140,"column":32},"end":{"line":143,"column":5}},"locations":[{"start":{"line":140,"column":32},"end":{"line":143,"column":5}}]},"30":{"type":"branch","line":145,"loc":{"start":{"line":145,"column":-2},"end":{"line":156,"column":7}},"locations":[{"start":{"line":145,"column":-2},"end":{"line":156,"column":7}}]},"31":{"type":"branch","line":156,"loc":{"start":{"line":156,"column":42},"end":{"line":166,"column":3}},"locations":[{"start":{"line":156,"column":42},"end":{"line":166,"column":3}}]},"32":{"type":"branch","line":157,"loc":{"start":{"line":157,"column":31},"end":{"line":165,"column":5}},"locations":[{"start":{"line":157,"column":31},"end":{"line":165,"column":5}}]},"33":{"type":"branch","line":158,"loc":{"start":{"line":158,"column":38},"end":{"line":161,"column":13}},"locations":[{"start":{"line":158,"column":38},"end":{"line":161,"column":13}}]},"34":{"type":"branch","line":161,"loc":{"start":{"line":161,"column":7},"end":{"line":164,"column":7}},"locations":[{"start":{"line":161,"column":7},"end":{"line":164,"column":7}}]},"35":{"type":"branch","line":167,"loc":{"start":{"line":167,"column":-2},"end":{"line":168,"column":1}},"locations":[{"start":{"line":167,"column":-2},"end":{"line":168,"column":1}}]},"36":{"type":"branch","line":146,"loc":{"start":{"line":146,"column":2},"end":{"line":153,"column":3}},"locations":[{"start":{"line":146,"column":2},"end":{"line":153,"column":3}}]},"37":{"type":"branch","line":147,"loc":{"start":{"line":147,"column":16},"end":{"line":149,"column":11}},"locations":[{"start":{"line":147,"column":16},"end":{"line":149,"column":11}}]},"38":{"type":"branch","line":149,"loc":{"start":{"line":149,"column":5},"end":{"line":152,"column":5}},"locations":[{"start":{"line":149,"column":5},"end":{"line":152,"column":5}}]},"39":{"type":"branch","line":172,"loc":{"start":{"line":172,"column":0},"end":{"line":174,"column":1}},"locations":[{"start":{"line":172,"column":0},"end":{"line":174,"column":1}}]},"40":{"type":"branch","line":176,"loc":{"start":{"line":176,"column":0},"end":{"line":189,"column":1}},"locations":[{"start":{"line":176,"column":0},"end":{"line":189,"column":1}}]},"41":{"type":"branch","line":179,"loc":{"start":{"line":179,"column":9},"end":{"line":188,"column":4}},"locations":[{"start":{"line":179,"column":9},"end":{"line":188,"column":4}}]},"42":{"type":"branch","line":180,"loc":{"start":{"line":180,"column":43},"end":{"line":184,"column":5}},"locations":[{"start":{"line":180,"column":43},"end":{"line":184,"column":5}}]},"43":{"type":"branch","line":181,"loc":{"start":{"line":181,"column":76},"end":{"line":183,"column":7}},"locations":[{"start":{"line":181,"column":76},"end":{"line":183,"column":7}}]},"44":{"type":"branch","line":185,"loc":{"start":{"line":185,"column":-2},"end":{"line":188,"column":4}},"locations":[{"start":{"line":185,"column":-2},"end":{"line":188,"column":4}}]}},"b":{"0":[10],"1":[3],"2":[7],"3":[28],"4":[15],"5":[6],"6":[7],"7":[6],"8":[1],"9":[24],"10":[4],"11":[3],"12":[5],"13":[4],"14":[2],"15":[3],"16":[7],"17":[19],"18":[9],"19":[2],"20":[10],"21":[6],"22":[4],"23":[8],"24":[7],"25":[2],"26":[6],"27":[2],"28":[4],"29":[1],"30":[6],"31":[16],"32":[6],"33":[2],"34":[4],"35":[6],"36":[20],"37":[6],"38":[14],"39":[6],"40":[4],"41":[8],"42":[6],"43":[5],"44":[3]},"fnMap":{"0":{"name":"isVasyaGiveChange","decl":{"start":{"line":2,"column":0},"end":{"line":23,"column":1}},"loc":{"start":{"line":2,"column":0},"end":{"line":23,"column":1}},"line":2},"1":{"name":"getQuntityPostsAndCommentsByAuthor","decl":{"start":{"line":25,"column":0},"end":{"line":52,"column":1}},"loc":{"start":{"line":25,"column":0},"end":{"line":52,"column":1}},"line":25},"2":{"name":"counters","decl":{"start":{"line":31,"column":2},"end":{"line":49,"column":3}},"loc":{"start":{"line":31,"column":2},"end":{"line":49,"column":3}},"line":31},"3":{"name":"getSum","decl":{"start":{"line":116,"column":0},"end":{"line":168,"column":1}},"loc":{"start":{"line":116,"column":0},"end":{"line":168,"column":1}},"line":116},"4":{"name":"getTableSum","decl":{"start":{"line":146,"column":2},"end":{"line":153,"column":3}},"loc":{"start":{"line":146,"column":2},"end":{"line":153,"column":3}},"line":146},"5":{"name":"complexFunction","decl":{"start":{"line":172,"column":0},"end":{"line":174,"column":1}},"loc":{"start":{"line":172,"column":0},"end":{"line":174,"column":1}},"line":172},"6":{"name":"cache","decl":{"start":{"line":176,"column":0},"end":{"line":189,"column":1}},"loc":{"start":{"line":176,"column":0},"end":{"line":189,"column":1}},"line":176}},"f":{"0":10,"1":5,"2":7,"3":8,"4":20,"5":6,"6":4}}
}
