TN:
SF:script.js
FN:2,isVasyaGiveChange
FN:25,getQuntityPostsAndCommentsByAuthor
FN:31,counters
FN:116,getSum
FN:146,getTableSum
FN:172,complexFunction
FN:176,cache
FNF:7
FNH:7
FNDA:10,isVasyaGiveChange
FNDA:5,getQuntityPostsAndCommentsByAuthor
FNDA:7,counters
FNDA:8,getSum
FNDA:20,getTableSum
FNDA:6,complexFunction
FNDA:4,cache
DA:1,1
DA:2,10
DA:3,10
DA:4,3
DA:5,3
DA:6,7
DA:7,7
DA:8,10
DA:9,28
DA:10,15
DA:11,15
DA:12,28
DA:13,6
DA:14,6
DA:15,6
DA:16,28
DA:17,7
DA:18,7
DA:19,7
DA:20,28
DA:21,28
DA:22,3
DA:23,3
DA:24,1
DA:25,5
DA:26,5
DA:27,2
DA:28,2
DA:29,3
DA:30,3
DA:31,3
DA:32,7
DA:33,19
DA:34,19
DA:35,9
DA:36,19
DA:37,2
DA:38,2
DA:39,19
DA:40,19
DA:41,10
DA:42,19
DA:43,6
DA:44,6
DA:45,19
DA:46,4
DA:47,4
DA:48,19
DA:49,7
DA:50,3
DA:51,3
DA:52,3
DA:53,1
DA:54,1
DA:55,1
DA:56,1
DA:57,1
DA:58,1
DA:59,1
DA:60,1
DA:61,1
DA:62,1
DA:63,1
DA:64,1
DA:65,1
DA:66,1
DA:67,1
DA:68,1
DA:69,1
DA:70,1
DA:71,1
DA:72,1
DA:73,1
DA:74,1
DA:75,1
DA:76,1
DA:77,1
DA:78,1
DA:79,1
DA:80,1
DA:81,1
DA:82,1
DA:83,1
DA:84,1
DA:85,1
DA:86,1
DA:87,1
DA:88,1
DA:89,1
DA:90,1
DA:91,1
DA:92,1
DA:93,1
DA:94,1
DA:95,1
DA:96,1
DA:97,1
DA:98,1
DA:99,1
DA:100,1
DA:101,1
DA:102,1
DA:103,1
DA:104,1
DA:105,1
DA:106,1
DA:107,1
DA:108,1
DA:109,1
DA:110,1
DA:111,1
DA:112,1
DA:113,1
DA:114,1
DA:115,1
DA:116,8
DA:117,8
DA:118,2
DA:119,2
DA:120,6
DA:121,6
DA:122,6
DA:123,6
DA:124,6
DA:125,6
DA:126,6
DA:127,6
DA:128,6
DA:129,6
DA:130,6
DA:131,6
DA:132,8
DA:133,2
DA:134,2
DA:135,2
DA:136,2
DA:137,2
DA:138,8
DA:139,4
DA:140,4
DA:141,1
DA:142,1
DA:143,1
DA:144,4
DA:145,6
DA:146,6
DA:147,20
DA:148,6
DA:149,20
DA:150,14
DA:151,14
DA:152,14
DA:153,20
DA:154,6
DA:155,6
DA:156,8
DA:157,16
DA:158,6
DA:159,2
DA:160,2
DA:161,6
DA:162,4
DA:163,4
DA:164,4
DA:165,6
DA:166,16
DA:167,6
DA:168,6
DA:169,1
DA:170,1
DA:171,1
DA:172,6
DA:173,6
DA:174,6
DA:175,1
DA:176,4
DA:177,4
DA:178,4
DA:179,4
DA:180,8
DA:181,6
DA:182,5
DA:183,5
DA:184,6
DA:185,3
DA:186,3
DA:187,3
DA:188,3
DA:189,4
DA:190,1
DA:191,1
DA:192,1
DA:193,1
DA:194,1
DA:195,1
DA:196,1
DA:197,1
DA:198,1
DA:199,1
LF:199
LH:199
BRDA:2,0,0,10
BRDA:3,1,0,3
BRDA:6,2,0,7
BRDA:8,3,0,28
BRDA:9,4,0,15
BRDA:12,5,0,6
BRDA:16,6,0,7
BRDA:18,7,0,6
BRDA:18,8,0,1
BRDA:20,9,0,24
BRDA:20,10,0,4
BRDA:22,11,0,3
BRDA:25,12,0,5
BRDA:26,13,0,4
BRDA:26,14,0,2
BRDA:29,15,0,3
BRDA:31,16,0,7
BRDA:32,17,0,19
BRDA:34,18,0,9
BRDA:36,19,0,2
BRDA:40,20,0,10
BRDA:42,21,0,6
BRDA:45,22,0,4
BRDA:116,23,0,8
BRDA:117,24,0,7
BRDA:117,25,0,2
BRDA:120,26,0,6
BRDA:132,27,0,2
BRDA:138,28,0,4
BRDA:140,29,0,1
BRDA:145,30,0,6
BRDA:156,31,0,16
BRDA:157,32,0,6
BRDA:158,33,0,2
BRDA:161,34,0,4
BRDA:167,35,0,6
BRDA:146,36,0,20
BRDA:147,37,0,6
BRDA:149,38,0,14
BRDA:172,39,0,6
BRDA:176,40,0,4
BRDA:179,41,0,8
BRDA:180,42,0,6
BRDA:181,43,0,5
BRDA:185,44,0,3
BRF:45
BRH:45
end_of_record
