{"E:\\DevEducation\\HomeWorkGit\\HomeWorkOne\\SkripnikHomework1.js": {"path":"E:\\DevEducation\\HomeWorkGit\\HomeWorkOne\\SkripnikHomework1.js","all":false,"statementMap":{"0":{"start":{"line":1,"column":0},"end":{"line":1,"column":20}},"1":{"start":{"line":2,"column":0},"end":{"line":2,"column":0}},"2":{"start":{"line":3,"column":0},"end":{"line":3,"column":46}},"3":{"start":{"line":4,"column":0},"end":{"line":4,"column":0}},"4":{"start":{"line":5,"column":0},"end":{"line":5,"column":33}},"5":{"start":{"line":6,"column":0},"end":{"line":6,"column":55}},"6":{"start":{"line":7,"column":0},"end":{"line":7,"column":17}},"7":{"start":{"line":8,"column":0},"end":{"line":8,"column":3}},"8":{"start":{"line":9,"column":0},"end":{"line":9,"column":20}},"9":{"start":{"line":10,"column":0},"end":{"line":10,"column":17}},"10":{"start":{"line":11,"column":0},"end":{"line":11,"column":22}},"11":{"start":{"line":12,"column":0},"end":{"line":12,"column":1}},"12":{"start":{"line":13,"column":0},"end":{"line":13,"column":69}},"13":{"start":{"line":14,"column":0},"end":{"line":14,"column":0}},"14":{"start":{"line":15,"column":0},"end":{"line":15,"column":33}},"15":{"start":{"line":16,"column":0},"end":{"line":16,"column":55}},"16":{"start":{"line":17,"column":0},"end":{"line":17,"column":17}},"17":{"start":{"line":18,"column":0},"end":{"line":18,"column":3}},"18":{"start":{"line":19,"column":0},"end":{"line":19,"column":23}},"19":{"start":{"line":20,"column":0},"end":{"line":20,"column":32}},"20":{"start":{"line":21,"column":0},"end":{"line":21,"column":3}},"21":{"start":{"line":22,"column":0},"end":{"line":22,"column":23}},"22":{"start":{"line":23,"column":0},"end":{"line":23,"column":33}},"23":{"start":{"line":24,"column":0},"end":{"line":24,"column":3}},"24":{"start":{"line":25,"column":0},"end":{"line":25,"column":23}},"25":{"start":{"line":26,"column":0},"end":{"line":26,"column":34}},"26":{"start":{"line":27,"column":0},"end":{"line":27,"column":3}},"27":{"start":{"line":28,"column":0},"end":{"line":28,"column":23}},"28":{"start":{"line":29,"column":0},"end":{"line":29,"column":33}},"29":{"start":{"line":30,"column":0},"end":{"line":30,"column":3}},"30":{"start":{"line":31,"column":0},"end":{"line":31,"column":27}},"31":{"start":{"line":32,"column":0},"end":{"line":32,"column":29}},"32":{"start":{"line":33,"column":0},"end":{"line":33,"column":3}},"33":{"start":{"line":34,"column":0},"end":{"line":34,"column":27}},"34":{"start":{"line":35,"column":0},"end":{"line":35,"column":33}},"35":{"start":{"line":36,"column":0},"end":{"line":36,"column":3}},"36":{"start":{"line":37,"column":0},"end":{"line":37,"column":27}},"37":{"start":{"line":38,"column":0},"end":{"line":38,"column":33}},"38":{"start":{"line":39,"column":0},"end":{"line":39,"column":3}},"39":{"start":{"line":40,"column":0},"end":{"line":40,"column":1}},"40":{"start":{"line":41,"column":0},"end":{"line":41,"column":52}},"41":{"start":{"line":42,"column":0},"end":{"line":42,"column":0}},"42":{"start":{"line":43,"column":0},"end":{"line":43,"column":45}},"43":{"start":{"line":44,"column":0},"end":{"line":44,"column":80}},"44":{"start":{"line":45,"column":0},"end":{"line":45,"column":17}},"45":{"start":{"line":46,"column":0},"end":{"line":46,"column":3}},"46":{"start":{"line":47,"column":0},"end":{"line":47,"column":15}},"47":{"start":{"line":48,"column":0},"end":{"line":48,"column":14}},"48":{"start":{"line":49,"column":0},"end":{"line":49,"column":14}},"49":{"start":{"line":50,"column":0},"end":{"line":50,"column":3}},"50":{"start":{"line":51,"column":0},"end":{"line":51,"column":14}},"51":{"start":{"line":52,"column":0},"end":{"line":52,"column":14}},"52":{"start":{"line":53,"column":0},"end":{"line":53,"column":3}},"53":{"start":{"line":54,"column":0},"end":{"line":54,"column":14}},"54":{"start":{"line":55,"column":0},"end":{"line":55,"column":14}},"55":{"start":{"line":56,"column":0},"end":{"line":56,"column":3}},"56":{"start":{"line":57,"column":0},"end":{"line":57,"column":14}},"57":{"start":{"line":58,"column":0},"end":{"line":58,"column":1}},"58":{"start":{"line":59,"column":0},"end":{"line":59,"column":50}},"59":{"start":{"line":60,"column":0},"end":{"line":60,"column":0}},"60":{"start":{"line":61,"column":0},"end":{"line":61,"column":37}},"61":{"start":{"line":62,"column":0},"end":{"line":62,"column":80}},"62":{"start":{"line":63,"column":0},"end":{"line":63,"column":17}},"63":{"start":{"line":64,"column":0},"end":{"line":64,"column":3}},"64":{"start":{"line":65,"column":0},"end":{"line":65,"column":26}},"65":{"start":{"line":66,"column":0},"end":{"line":66,"column":23}},"66":{"start":{"line":67,"column":0},"end":{"line":67,"column":0}},"67":{"start":{"line":68,"column":0},"end":{"line":68,"column":152}},"68":{"start":{"line":69,"column":0},"end":{"line":69,"column":1}},"69":{"start":{"line":70,"column":0},"end":{"line":70,"column":0}},"70":{"start":{"line":71,"column":0},"end":{"line":71,"column":86}},"71":{"start":{"line":72,"column":0},"end":{"line":72,"column":0}},"72":{"start":{"line":73,"column":0},"end":{"line":73,"column":27}},"73":{"start":{"line":74,"column":0},"end":{"line":74,"column":35}},"74":{"start":{"line":75,"column":0},"end":{"line":75,"column":17}},"75":{"start":{"line":76,"column":0},"end":{"line":76,"column":3}},"76":{"start":{"line":77,"column":0},"end":{"line":77,"column":19}},"77":{"start":{"line":78,"column":0},"end":{"line":78,"column":26}},"78":{"start":{"line":79,"column":0},"end":{"line":79,"column":3}},"79":{"start":{"line":80,"column":0},"end":{"line":80,"column":21}},"80":{"start":{"line":81,"column":0},"end":{"line":81,"column":26}},"81":{"start":{"line":82,"column":0},"end":{"line":82,"column":3}},"82":{"start":{"line":83,"column":0},"end":{"line":83,"column":36}},"83":{"start":{"line":84,"column":0},"end":{"line":84,"column":15}},"84":{"start":{"line":85,"column":0},"end":{"line":85,"column":3}},"85":{"start":{"line":86,"column":0},"end":{"line":86,"column":37}},"86":{"start":{"line":87,"column":0},"end":{"line":87,"column":15}},"87":{"start":{"line":88,"column":0},"end":{"line":88,"column":3}},"88":{"start":{"line":89,"column":0},"end":{"line":89,"column":37}},"89":{"start":{"line":90,"column":0},"end":{"line":90,"column":15}},"90":{"start":{"line":91,"column":0},"end":{"line":91,"column":3}},"91":{"start":{"line":92,"column":0},"end":{"line":92,"column":37}},"92":{"start":{"line":93,"column":0},"end":{"line":93,"column":15}},"93":{"start":{"line":94,"column":0},"end":{"line":94,"column":3}},"94":{"start":{"line":95,"column":0},"end":{"line":95,"column":37}},"95":{"start":{"line":96,"column":0},"end":{"line":96,"column":15}},"96":{"start":{"line":97,"column":0},"end":{"line":97,"column":3}},"97":{"start":{"line":98,"column":0},"end":{"line":98,"column":39}},"98":{"start":{"line":99,"column":0},"end":{"line":99,"column":15}},"99":{"start":{"line":100,"column":0},"end":{"line":100,"column":3}},"100":{"start":{"line":101,"column":0},"end":{"line":101,"column":1}},"101":{"start":{"line":102,"column":0},"end":{"line":102,"column":0}},"102":{"start":{"line":103,"column":0},"end":{"line":103,"column":7}},"103":{"start":{"line":104,"column":0},"end":{"line":104,"column":0}},"104":{"start":{"line":105,"column":0},"end":{"line":105,"column":69}},"105":{"start":{"line":106,"column":0},"end":{"line":106,"column":0}},"106":{"start":{"line":107,"column":0},"end":{"line":107,"column":48}},"107":{"start":{"line":108,"column":0},"end":{"line":108,"column":15}},"108":{"start":{"line":109,"column":0},"end":{"line":109,"column":16}},"109":{"start":{"line":110,"column":0},"end":{"line":110,"column":33}},"110":{"start":{"line":111,"column":0},"end":{"line":111,"column":22}},"111":{"start":{"line":112,"column":0},"end":{"line":112,"column":16}},"112":{"start":{"line":113,"column":0},"end":{"line":113,"column":14}},"113":{"start":{"line":114,"column":0},"end":{"line":114,"column":5}},"114":{"start":{"line":115,"column":0},"end":{"line":115,"column":3}},"115":{"start":{"line":116,"column":0},"end":{"line":116,"column":23}},"116":{"start":{"line":117,"column":0},"end":{"line":117,"column":1}},"117":{"start":{"line":118,"column":0},"end":{"line":118,"column":0}},"118":{"start":{"line":119,"column":0},"end":{"line":119,"column":32}},"119":{"start":{"line":120,"column":0},"end":{"line":120,"column":0}},"120":{"start":{"line":121,"column":0},"end":{"line":121,"column":32}},"121":{"start":{"line":122,"column":0},"end":{"line":122,"column":35}},"122":{"start":{"line":123,"column":0},"end":{"line":123,"column":59}},"123":{"start":{"line":124,"column":0},"end":{"line":124,"column":3}},"124":{"start":{"line":125,"column":0},"end":{"line":125,"column":16}},"125":{"start":{"line":126,"column":0},"end":{"line":126,"column":37}},"126":{"start":{"line":127,"column":0},"end":{"line":127,"column":27}},"127":{"start":{"line":128,"column":0},"end":{"line":128,"column":14}},"128":{"start":{"line":129,"column":0},"end":{"line":129,"column":5}},"129":{"start":{"line":130,"column":0},"end":{"line":130,"column":3}},"130":{"start":{"line":131,"column":0},"end":{"line":131,"column":20}},"131":{"start":{"line":132,"column":0},"end":{"line":132,"column":16}},"132":{"start":{"line":133,"column":0},"end":{"line":133,"column":22}},"133":{"start":{"line":134,"column":0},"end":{"line":134,"column":1}},"134":{"start":{"line":135,"column":0},"end":{"line":135,"column":0}},"135":{"start":{"line":136,"column":0},"end":{"line":136,"column":132}},"136":{"start":{"line":137,"column":0},"end":{"line":137,"column":0}},"137":{"start":{"line":138,"column":0},"end":{"line":138,"column":26}},"138":{"start":{"line":139,"column":0},"end":{"line":139,"column":26}},"139":{"start":{"line":140,"column":0},"end":{"line":140,"column":35}},"140":{"start":{"line":141,"column":0},"end":{"line":141,"column":59}},"141":{"start":{"line":142,"column":0},"end":{"line":142,"column":3}},"142":{"start":{"line":143,"column":0},"end":{"line":143,"column":15}},"143":{"start":{"line":144,"column":0},"end":{"line":144,"column":36}},"144":{"start":{"line":145,"column":0},"end":{"line":145,"column":26}},"145":{"start":{"line":146,"column":0},"end":{"line":146,"column":15}},"146":{"start":{"line":147,"column":0},"end":{"line":147,"column":5}},"147":{"start":{"line":148,"column":0},"end":{"line":148,"column":3}},"148":{"start":{"line":149,"column":0},"end":{"line":149,"column":14}},"149":{"start":{"line":150,"column":0},"end":{"line":150,"column":1}},"150":{"start":{"line":151,"column":0},"end":{"line":151,"column":0}},"151":{"start":{"line":152,"column":0},"end":{"line":152,"column":32}},"152":{"start":{"line":153,"column":0},"end":{"line":153,"column":35}},"153":{"start":{"line":154,"column":0},"end":{"line":154,"column":59}},"154":{"start":{"line":155,"column":0},"end":{"line":155,"column":3}},"155":{"start":{"line":156,"column":0},"end":{"line":156,"column":14}},"156":{"start":{"line":157,"column":0},"end":{"line":157,"column":14}},"157":{"start":{"line":158,"column":0},"end":{"line":158,"column":20}},"158":{"start":{"line":159,"column":0},"end":{"line":159,"column":26}},"159":{"start":{"line":160,"column":0},"end":{"line":160,"column":37}},"160":{"start":{"line":161,"column":0},"end":{"line":161,"column":30}},"161":{"start":{"line":162,"column":0},"end":{"line":162,"column":16}},"162":{"start":{"line":163,"column":0},"end":{"line":163,"column":12}},"163":{"start":{"line":164,"column":0},"end":{"line":164,"column":17}},"164":{"start":{"line":165,"column":0},"end":{"line":165,"column":5}},"165":{"start":{"line":166,"column":0},"end":{"line":166,"column":3}},"166":{"start":{"line":167,"column":0},"end":{"line":167,"column":13}},"167":{"start":{"line":168,"column":0},"end":{"line":168,"column":1}},"168":{"start":{"line":169,"column":0},"end":{"line":169,"column":0}},"169":{"start":{"line":170,"column":0},"end":{"line":170,"column":34}},"170":{"start":{"line":171,"column":0},"end":{"line":171,"column":0}},"171":{"start":{"line":172,"column":0},"end":{"line":172,"column":31}},"172":{"start":{"line":173,"column":0},"end":{"line":173,"column":35}},"173":{"start":{"line":174,"column":0},"end":{"line":174,"column":59}},"174":{"start":{"line":175,"column":0},"end":{"line":175,"column":3}},"175":{"start":{"line":176,"column":0},"end":{"line":176,"column":20}},"176":{"start":{"line":177,"column":0},"end":{"line":177,"column":37}},"177":{"start":{"line":178,"column":0},"end":{"line":178,"column":19}},"178":{"start":{"line":179,"column":0},"end":{"line":179,"column":3}},"179":{"start":{"line":180,"column":0},"end":{"line":180,"column":19}},"180":{"start":{"line":181,"column":0},"end":{"line":181,"column":1}},"181":{"start":{"line":182,"column":0},"end":{"line":182,"column":0}},"182":{"start":{"line":183,"column":0},"end":{"line":183,"column":42}},"183":{"start":{"line":184,"column":0},"end":{"line":184,"column":0}},"184":{"start":{"line":185,"column":0},"end":{"line":185,"column":40}},"185":{"start":{"line":186,"column":0},"end":{"line":186,"column":35}},"186":{"start":{"line":187,"column":0},"end":{"line":187,"column":59}},"187":{"start":{"line":188,"column":0},"end":{"line":188,"column":3}},"188":{"start":{"line":189,"column":0},"end":{"line":189,"column":34}},"189":{"start":{"line":190,"column":0},"end":{"line":190,"column":34}},"190":{"start":{"line":191,"column":0},"end":{"line":191,"column":3}},"191":{"start":{"line":192,"column":0},"end":{"line":192,"column":15}},"192":{"start":{"line":193,"column":0},"end":{"line":193,"column":12}},"193":{"start":{"line":194,"column":0},"end":{"line":194,"column":22}},"194":{"start":{"line":195,"column":0},"end":{"line":195,"column":24}},"195":{"start":{"line":196,"column":0},"end":{"line":196,"column":18}},"196":{"start":{"line":197,"column":0},"end":{"line":197,"column":35}},"197":{"start":{"line":198,"column":0},"end":{"line":198,"column":3}},"198":{"start":{"line":199,"column":0},"end":{"line":199,"column":17}},"199":{"start":{"line":200,"column":0},"end":{"line":200,"column":1}},"200":{"start":{"line":201,"column":0},"end":{"line":201,"column":0}},"201":{"start":{"line":202,"column":0},"end":{"line":202,"column":101}},"202":{"start":{"line":203,"column":0},"end":{"line":203,"column":0}},"203":{"start":{"line":204,"column":0},"end":{"line":204,"column":32}},"204":{"start":{"line":205,"column":0},"end":{"line":205,"column":35}},"205":{"start":{"line":206,"column":0},"end":{"line":206,"column":36}},"206":{"start":{"line":207,"column":0},"end":{"line":207,"column":3}},"207":{"start":{"line":208,"column":0},"end":{"line":208,"column":16}},"208":{"start":{"line":209,"column":0},"end":{"line":209,"column":17}},"209":{"start":{"line":210,"column":0},"end":{"line":210,"column":0}},"210":{"start":{"line":211,"column":0},"end":{"line":211,"column":18}},"211":{"start":{"line":212,"column":0},"end":{"line":212,"column":24}},"212":{"start":{"line":213,"column":0},"end":{"line":213,"column":33}},"213":{"start":{"line":214,"column":0},"end":{"line":214,"column":35}},"214":{"start":{"line":215,"column":0},"end":{"line":215,"column":3}},"215":{"start":{"line":216,"column":0},"end":{"line":216,"column":16}},"216":{"start":{"line":217,"column":0},"end":{"line":217,"column":1}},"217":{"start":{"line":218,"column":0},"end":{"line":218,"column":0}},"218":{"start":{"line":219,"column":0},"end":{"line":219,"column":10}},"219":{"start":{"line":220,"column":0},"end":{"line":220,"column":0}},"220":{"start":{"line":221,"column":0},"end":{"line":221,"column":37}},"221":{"start":{"line":222,"column":0},"end":{"line":222,"column":26}},"222":{"start":{"line":223,"column":0},"end":{"line":223,"column":30}},"223":{"start":{"line":224,"column":0},"end":{"line":224,"column":29}},"224":{"start":{"line":225,"column":0},"end":{"line":225,"column":3}},"225":{"start":{"line":226,"column":0},"end":{"line":226,"column":25}},"226":{"start":{"line":227,"column":0},"end":{"line":227,"column":28}},"227":{"start":{"line":228,"column":0},"end":{"line":228,"column":3}},"228":{"start":{"line":229,"column":0},"end":{"line":229,"column":21}},"229":{"start":{"line":230,"column":0},"end":{"line":230,"column":42}},"230":{"start":{"line":231,"column":0},"end":{"line":231,"column":25}},"231":{"start":{"line":232,"column":0},"end":{"line":232,"column":21}},"232":{"start":{"line":233,"column":0},"end":{"line":233,"column":5}},"233":{"start":{"line":234,"column":0},"end":{"line":234,"column":3}},"234":{"start":{"line":235,"column":0},"end":{"line":235,"column":13}},"235":{"start":{"line":236,"column":0},"end":{"line":236,"column":1}},"236":{"start":{"line":237,"column":0},"end":{"line":237,"column":0}},"237":{"start":{"line":238,"column":0},"end":{"line":238,"column":37}},"238":{"start":{"line":239,"column":0},"end":{"line":239,"column":0}},"239":{"start":{"line":240,"column":0},"end":{"line":240,"column":26}},"240":{"start":{"line":241,"column":0},"end":{"line":241,"column":30}},"241":{"start":{"line":242,"column":0},"end":{"line":242,"column":29}},"242":{"start":{"line":243,"column":0},"end":{"line":243,"column":3}},"243":{"start":{"line":244,"column":0},"end":{"line":244,"column":25}},"244":{"start":{"line":245,"column":0},"end":{"line":245,"column":28}},"245":{"start":{"line":246,"column":0},"end":{"line":246,"column":3}},"246":{"start":{"line":247,"column":0},"end":{"line":247,"column":21}},"247":{"start":{"line":248,"column":0},"end":{"line":248,"column":42}},"248":{"start":{"line":249,"column":0},"end":{"line":249,"column":25}},"249":{"start":{"line":250,"column":0},"end":{"line":250,"column":21}},"250":{"start":{"line":251,"column":0},"end":{"line":251,"column":5}},"251":{"start":{"line":252,"column":0},"end":{"line":252,"column":3}},"252":{"start":{"line":253,"column":0},"end":{"line":253,"column":13}},"253":{"start":{"line":254,"column":0},"end":{"line":254,"column":1}},"254":{"start":{"line":255,"column":0},"end":{"line":255,"column":0}},"255":{"start":{"line":256,"column":0},"end":{"line":256,"column":47}},"256":{"start":{"line":257,"column":0},"end":{"line":257,"column":0}},"257":{"start":{"line":258,"column":0},"end":{"line":258,"column":31}},"258":{"start":{"line":259,"column":0},"end":{"line":259,"column":30}},"259":{"start":{"line":260,"column":0},"end":{"line":260,"column":29}},"260":{"start":{"line":261,"column":0},"end":{"line":261,"column":3}},"261":{"start":{"line":262,"column":0},"end":{"line":262,"column":25}},"262":{"start":{"line":263,"column":0},"end":{"line":263,"column":28}},"263":{"start":{"line":264,"column":0},"end":{"line":264,"column":3}},"264":{"start":{"line":265,"column":0},"end":{"line":265,"column":19}},"265":{"start":{"line":266,"column":0},"end":{"line":266,"column":21}},"266":{"start":{"line":267,"column":0},"end":{"line":267,"column":42}},"267":{"start":{"line":268,"column":0},"end":{"line":268,"column":25}},"268":{"start":{"line":269,"column":0},"end":{"line":269,"column":21}},"269":{"start":{"line":270,"column":0},"end":{"line":270,"column":19}},"270":{"start":{"line":271,"column":0},"end":{"line":271,"column":5}},"271":{"start":{"line":272,"column":0},"end":{"line":272,"column":3}},"272":{"start":{"line":273,"column":0},"end":{"line":273,"column":18}},"273":{"start":{"line":274,"column":0},"end":{"line":274,"column":1}},"274":{"start":{"line":275,"column":0},"end":{"line":275,"column":0}},"275":{"start":{"line":276,"column":0},"end":{"line":276,"column":48}},"276":{"start":{"line":277,"column":0},"end":{"line":277,"column":0}},"277":{"start":{"line":278,"column":0},"end":{"line":278,"column":31}},"278":{"start":{"line":279,"column":0},"end":{"line":279,"column":30}},"279":{"start":{"line":280,"column":0},"end":{"line":280,"column":29}},"280":{"start":{"line":281,"column":0},"end":{"line":281,"column":3}},"281":{"start":{"line":282,"column":0},"end":{"line":282,"column":25}},"282":{"start":{"line":283,"column":0},"end":{"line":283,"column":28}},"283":{"start":{"line":284,"column":0},"end":{"line":284,"column":3}},"284":{"start":{"line":285,"column":0},"end":{"line":285,"column":19}},"285":{"start":{"line":286,"column":0},"end":{"line":286,"column":21}},"286":{"start":{"line":287,"column":0},"end":{"line":287,"column":42}},"287":{"start":{"line":288,"column":0},"end":{"line":288,"column":25}},"288":{"start":{"line":289,"column":0},"end":{"line":289,"column":21}},"289":{"start":{"line":290,"column":0},"end":{"line":290,"column":19}},"290":{"start":{"line":291,"column":0},"end":{"line":291,"column":5}},"291":{"start":{"line":292,"column":0},"end":{"line":292,"column":3}},"292":{"start":{"line":293,"column":0},"end":{"line":293,"column":18}},"293":{"start":{"line":294,"column":0},"end":{"line":294,"column":1}},"294":{"start":{"line":295,"column":0},"end":{"line":295,"column":0}},"295":{"start":{"line":296,"column":0},"end":{"line":296,"column":60}},"296":{"start":{"line":297,"column":0},"end":{"line":297,"column":0}},"297":{"start":{"line":298,"column":0},"end":{"line":298,"column":41}},"298":{"start":{"line":299,"column":0},"end":{"line":299,"column":30}},"299":{"start":{"line":300,"column":0},"end":{"line":300,"column":29}},"300":{"start":{"line":301,"column":0},"end":{"line":301,"column":3}},"301":{"start":{"line":302,"column":0},"end":{"line":302,"column":25}},"302":{"start":{"line":303,"column":0},"end":{"line":303,"column":28}},"303":{"start":{"line":304,"column":0},"end":{"line":304,"column":3}},"304":{"start":{"line":305,"column":0},"end":{"line":305,"column":15}},"305":{"start":{"line":306,"column":0},"end":{"line":306,"column":42}},"306":{"start":{"line":307,"column":0},"end":{"line":307,"column":22}},"307":{"start":{"line":308,"column":0},"end":{"line":308,"column":23}},"308":{"start":{"line":309,"column":0},"end":{"line":309,"column":5}},"309":{"start":{"line":310,"column":0},"end":{"line":310,"column":3}},"310":{"start":{"line":311,"column":0},"end":{"line":311,"column":14}},"311":{"start":{"line":312,"column":0},"end":{"line":312,"column":1}},"312":{"start":{"line":313,"column":0},"end":{"line":313,"column":0}},"313":{"start":{"line":314,"column":0},"end":{"line":314,"column":27}},"314":{"start":{"line":315,"column":0},"end":{"line":315,"column":0}},"315":{"start":{"line":316,"column":0},"end":{"line":316,"column":30}},"316":{"start":{"line":317,"column":0},"end":{"line":317,"column":30}},"317":{"start":{"line":318,"column":0},"end":{"line":318,"column":29}},"318":{"start":{"line":319,"column":0},"end":{"line":319,"column":3}},"319":{"start":{"line":320,"column":0},"end":{"line":320,"column":25}},"320":{"start":{"line":321,"column":0},"end":{"line":321,"column":28}},"321":{"start":{"line":322,"column":0},"end":{"line":322,"column":3}},"322":{"start":{"line":323,"column":0},"end":{"line":323,"column":18}},"323":{"start":{"line":324,"column":0},"end":{"line":324,"column":47}},"324":{"start":{"line":325,"column":0},"end":{"line":325,"column":26}},"325":{"start":{"line":326,"column":0},"end":{"line":326,"column":3}},"326":{"start":{"line":327,"column":0},"end":{"line":327,"column":16}},"327":{"start":{"line":328,"column":0},"end":{"line":328,"column":1}},"328":{"start":{"line":329,"column":0},"end":{"line":329,"column":0}},"329":{"start":{"line":330,"column":0},"end":{"line":330,"column":44}},"330":{"start":{"line":331,"column":0},"end":{"line":331,"column":0}},"331":{"start":{"line":332,"column":0},"end":{"line":332,"column":30}},"332":{"start":{"line":333,"column":0},"end":{"line":333,"column":30}},"333":{"start":{"line":334,"column":0},"end":{"line":334,"column":29}},"334":{"start":{"line":335,"column":0},"end":{"line":335,"column":3}},"335":{"start":{"line":336,"column":0},"end":{"line":336,"column":25}},"336":{"start":{"line":337,"column":0},"end":{"line":337,"column":28}},"337":{"start":{"line":338,"column":0},"end":{"line":338,"column":3}},"338":{"start":{"line":339,"column":0},"end":{"line":339,"column":16}},"339":{"start":{"line":340,"column":0},"end":{"line":340,"column":42}},"340":{"start":{"line":341,"column":0},"end":{"line":341,"column":29}},"341":{"start":{"line":342,"column":0},"end":{"line":342,"column":14}},"342":{"start":{"line":343,"column":0},"end":{"line":343,"column":5}},"343":{"start":{"line":344,"column":0},"end":{"line":344,"column":3}},"344":{"start":{"line":345,"column":0},"end":{"line":345,"column":15}},"345":{"start":{"line":346,"column":0},"end":{"line":346,"column":1}},"346":{"start":{"line":347,"column":0},"end":{"line":347,"column":0}},"347":{"start":{"line":348,"column":0},"end":{"line":348,"column":54}},"348":{"start":{"line":349,"column":0},"end":{"line":349,"column":0}},"349":{"start":{"line":350,"column":0},"end":{"line":350,"column":34}},"350":{"start":{"line":351,"column":0},"end":{"line":351,"column":30}},"351":{"start":{"line":352,"column":0},"end":{"line":352,"column":29}},"352":{"start":{"line":353,"column":0},"end":{"line":353,"column":3}},"353":{"start":{"line":354,"column":0},"end":{"line":354,"column":25}},"354":{"start":{"line":355,"column":0},"end":{"line":355,"column":28}},"355":{"start":{"line":356,"column":0},"end":{"line":356,"column":3}},"356":{"start":{"line":357,"column":0},"end":{"line":357,"column":29}},"357":{"start":{"line":358,"column":0},"end":{"line":358,"column":65}},"358":{"start":{"line":359,"column":0},"end":{"line":359,"column":13}},"359":{"start":{"line":360,"column":0},"end":{"line":360,"column":75}},"360":{"start":{"line":361,"column":0},"end":{"line":361,"column":49}},"361":{"start":{"line":362,"column":0},"end":{"line":362,"column":31}},"362":{"start":{"line":363,"column":0},"end":{"line":363,"column":25}},"363":{"start":{"line":364,"column":0},"end":{"line":364,"column":38}},"364":{"start":{"line":365,"column":0},"end":{"line":365,"column":1}},"365":{"start":{"line":366,"column":0},"end":{"line":366,"column":0}},"366":{"start":{"line":367,"column":0},"end":{"line":367,"column":84}},"367":{"start":{"line":368,"column":0},"end":{"line":368,"column":0}},"368":{"start":{"line":369,"column":0},"end":{"line":369,"column":28}},"369":{"start":{"line":370,"column":0},"end":{"line":370,"column":30}},"370":{"start":{"line":371,"column":0},"end":{"line":371,"column":29}},"371":{"start":{"line":372,"column":0},"end":{"line":372,"column":3}},"372":{"start":{"line":373,"column":0},"end":{"line":373,"column":25}},"373":{"start":{"line":374,"column":0},"end":{"line":374,"column":28}},"374":{"start":{"line":375,"column":0},"end":{"line":375,"column":3}},"375":{"start":{"line":376,"column":0},"end":{"line":376,"column":46}},"376":{"start":{"line":377,"column":0},"end":{"line":377,"column":68}},"377":{"start":{"line":378,"column":0},"end":{"line":378,"column":52}},"378":{"start":{"line":379,"column":0},"end":{"line":379,"column":36}},"379":{"start":{"line":380,"column":0},"end":{"line":380,"column":33}},"380":{"start":{"line":381,"column":0},"end":{"line":381,"column":28}},"381":{"start":{"line":382,"column":0},"end":{"line":382,"column":32}},"382":{"start":{"line":383,"column":0},"end":{"line":383,"column":28}},"383":{"start":{"line":384,"column":0},"end":{"line":384,"column":58}},"384":{"start":{"line":385,"column":0},"end":{"line":385,"column":7}},"385":{"start":{"line":386,"column":0},"end":{"line":386,"column":5}},"386":{"start":{"line":387,"column":0},"end":{"line":387,"column":67}},"387":{"start":{"line":388,"column":0},"end":{"line":388,"column":3}},"388":{"start":{"line":389,"column":0},"end":{"line":389,"column":15}},"389":{"start":{"line":390,"column":0},"end":{"line":390,"column":1}},"390":{"start":{"line":391,"column":0},"end":{"line":391,"column":0}},"391":{"start":{"line":392,"column":0},"end":{"line":392,"column":28}},"392":{"start":{"line":393,"column":0},"end":{"line":393,"column":30}},"393":{"start":{"line":394,"column":0},"end":{"line":394,"column":29}},"394":{"start":{"line":395,"column":0},"end":{"line":395,"column":3}},"395":{"start":{"line":396,"column":0},"end":{"line":396,"column":25}},"396":{"start":{"line":397,"column":0},"end":{"line":397,"column":28}},"397":{"start":{"line":398,"column":0},"end":{"line":398,"column":3}},"398":{"start":{"line":399,"column":0},"end":{"line":399,"column":46}},"399":{"start":{"line":400,"column":0},"end":{"line":400,"column":24}},"400":{"start":{"line":401,"column":0},"end":{"line":401,"column":21}},"401":{"start":{"line":402,"column":0},"end":{"line":402,"column":48}},"402":{"start":{"line":403,"column":0},"end":{"line":403,"column":27}},"403":{"start":{"line":404,"column":0},"end":{"line":404,"column":23}},"404":{"start":{"line":405,"column":0},"end":{"line":405,"column":18}},"405":{"start":{"line":406,"column":0},"end":{"line":406,"column":7}},"406":{"start":{"line":407,"column":0},"end":{"line":407,"column":5}},"407":{"start":{"line":408,"column":0},"end":{"line":408,"column":40}},"408":{"start":{"line":409,"column":0},"end":{"line":409,"column":38}},"409":{"start":{"line":410,"column":0},"end":{"line":410,"column":21}},"410":{"start":{"line":411,"column":0},"end":{"line":411,"column":3}},"411":{"start":{"line":412,"column":0},"end":{"line":412,"column":15}},"412":{"start":{"line":413,"column":0},"end":{"line":413,"column":1}},"413":{"start":{"line":414,"column":0},"end":{"line":414,"column":0}},"414":{"start":{"line":415,"column":0},"end":{"line":415,"column":28}},"415":{"start":{"line":416,"column":0},"end":{"line":416,"column":30}},"416":{"start":{"line":417,"column":0},"end":{"line":417,"column":29}},"417":{"start":{"line":418,"column":0},"end":{"line":418,"column":3}},"418":{"start":{"line":419,"column":0},"end":{"line":419,"column":25}},"419":{"start":{"line":420,"column":0},"end":{"line":420,"column":28}},"420":{"start":{"line":421,"column":0},"end":{"line":421,"column":3}},"421":{"start":{"line":422,"column":0},"end":{"line":422,"column":42}},"422":{"start":{"line":423,"column":0},"end":{"line":423,"column":27}},"423":{"start":{"line":424,"column":0},"end":{"line":424,"column":29}},"424":{"start":{"line":425,"column":0},"end":{"line":425,"column":64}},"425":{"start":{"line":426,"column":0},"end":{"line":426,"column":52}},"426":{"start":{"line":427,"column":0},"end":{"line":427,"column":21}},"427":{"start":{"line":428,"column":0},"end":{"line":428,"column":5}},"428":{"start":{"line":429,"column":0},"end":{"line":429,"column":38}},"429":{"start":{"line":430,"column":0},"end":{"line":430,"column":3}},"430":{"start":{"line":431,"column":0},"end":{"line":431,"column":15}},"431":{"start":{"line":432,"column":0},"end":{"line":432,"column":1}},"432":{"start":{"line":433,"column":0},"end":{"line":433,"column":0}},"433":{"start":{"line":434,"column":0},"end":{"line":434,"column":10}},"434":{"start":{"line":435,"column":0},"end":{"line":435,"column":0}},"435":{"start":{"line":436,"column":0},"end":{"line":436,"column":58}},"436":{"start":{"line":437,"column":0},"end":{"line":437,"column":0}},"437":{"start":{"line":438,"column":0},"end":{"line":438,"column":37}},"438":{"start":{"line":439,"column":0},"end":{"line":439,"column":35}},"439":{"start":{"line":440,"column":0},"end":{"line":440,"column":17}},"440":{"start":{"line":441,"column":0},"end":{"line":441,"column":3}},"441":{"start":{"line":442,"column":0},"end":{"line":442,"column":33}},"442":{"start":{"line":443,"column":0},"end":{"line":443,"column":46}},"443":{"start":{"line":444,"column":0},"end":{"line":444,"column":3}},"444":{"start":{"line":445,"column":0},"end":{"line":445,"column":14}},"445":{"start":{"line":446,"column":0},"end":{"line":446,"column":13}},"446":{"start":{"line":447,"column":0},"end":{"line":447,"column":13}},"447":{"start":{"line":448,"column":0},"end":{"line":448,"column":14}},"448":{"start":{"line":449,"column":0},"end":{"line":449,"column":16}},"449":{"start":{"line":450,"column":0},"end":{"line":450,"column":15}},"450":{"start":{"line":451,"column":0},"end":{"line":451,"column":13}},"451":{"start":{"line":452,"column":0},"end":{"line":452,"column":15}},"452":{"start":{"line":453,"column":0},"end":{"line":453,"column":4}},"453":{"start":{"line":454,"column":0},"end":{"line":454,"column":26}},"454":{"start":{"line":455,"column":0},"end":{"line":455,"column":1}},"455":{"start":{"line":456,"column":0},"end":{"line":456,"column":0}},"456":{"start":{"line":457,"column":0},"end":{"line":457,"column":79}},"457":{"start":{"line":458,"column":0},"end":{"line":458,"column":0}},"458":{"start":{"line":459,"column":0},"end":{"line":459,"column":38}},"459":{"start":{"line":460,"column":0},"end":{"line":460,"column":6}},"460":{"start":{"line":461,"column":0},"end":{"line":461,"column":29}},"461":{"start":{"line":462,"column":0},"end":{"line":462,"column":29}},"462":{"start":{"line":463,"column":0},"end":{"line":463,"column":29}},"463":{"start":{"line":464,"column":0},"end":{"line":464,"column":26}},"464":{"start":{"line":465,"column":0},"end":{"line":465,"column":5}},"465":{"start":{"line":466,"column":0},"end":{"line":466,"column":25}},"466":{"start":{"line":467,"column":0},"end":{"line":467,"column":59}},"467":{"start":{"line":468,"column":0},"end":{"line":468,"column":1}},"468":{"start":{"line":469,"column":0},"end":{"line":469,"column":0}},"469":{"start":{"line":470,"column":0},"end":{"line":470,"column":59}},"470":{"start":{"line":471,"column":0},"end":{"line":471,"column":0}},"471":{"start":{"line":472,"column":0},"end":{"line":472,"column":33}},"472":{"start":{"line":473,"column":0},"end":{"line":473,"column":35}},"473":{"start":{"line":474,"column":0},"end":{"line":474,"column":25}},"474":{"start":{"line":475,"column":0},"end":{"line":475,"column":3}},"475":{"start":{"line":476,"column":0},"end":{"line":476,"column":19}},"476":{"start":{"line":477,"column":0},"end":{"line":477,"column":22}},"477":{"start":{"line":478,"column":0},"end":{"line":478,"column":23}},"478":{"start":{"line":479,"column":0},"end":{"line":479,"column":23}},"479":{"start":{"line":480,"column":0},"end":{"line":480,"column":21}},"480":{"start":{"line":481,"column":0},"end":{"line":481,"column":22}},"481":{"start":{"line":482,"column":0},"end":{"line":482,"column":22}},"482":{"start":{"line":483,"column":0},"end":{"line":483,"column":23}},"483":{"start":{"line":484,"column":0},"end":{"line":484,"column":21}},"484":{"start":{"line":485,"column":0},"end":{"line":485,"column":21}},"485":{"start":{"line":486,"column":0},"end":{"line":486,"column":15}},"486":{"start":{"line":487,"column":0},"end":{"line":487,"column":15}},"487":{"start":{"line":488,"column":0},"end":{"line":488,"column":16}},"488":{"start":{"line":489,"column":0},"end":{"line":489,"column":14}},"489":{"start":{"line":490,"column":0},"end":{"line":490,"column":14}},"490":{"start":{"line":491,"column":0},"end":{"line":491,"column":14}},"491":{"start":{"line":492,"column":0},"end":{"line":492,"column":15}},"492":{"start":{"line":493,"column":0},"end":{"line":493,"column":15}},"493":{"start":{"line":494,"column":0},"end":{"line":494,"column":17}},"494":{"start":{"line":495,"column":0},"end":{"line":495,"column":17}},"495":{"start":{"line":496,"column":0},"end":{"line":496,"column":18}},"496":{"start":{"line":497,"column":0},"end":{"line":497,"column":16}},"497":{"start":{"line":498,"column":0},"end":{"line":498,"column":16}},"498":{"start":{"line":499,"column":0},"end":{"line":499,"column":17}},"499":{"start":{"line":500,"column":0},"end":{"line":500,"column":17}},"500":{"start":{"line":501,"column":0},"end":{"line":501,"column":15}},"501":{"start":{"line":502,"column":0},"end":{"line":502,"column":15}},"502":{"start":{"line":503,"column":0},"end":{"line":503,"column":12}},"503":{"start":{"line":504,"column":0},"end":{"line":504,"column":12}},"504":{"start":{"line":505,"column":0},"end":{"line":505,"column":13}},"505":{"start":{"line":506,"column":0},"end":{"line":506,"column":13}},"506":{"start":{"line":507,"column":0},"end":{"line":507,"column":11}},"507":{"start":{"line":508,"column":0},"end":{"line":508,"column":12}},"508":{"start":{"line":509,"column":0},"end":{"line":509,"column":12}},"509":{"start":{"line":510,"column":0},"end":{"line":510,"column":13}},"510":{"start":{"line":511,"column":0},"end":{"line":511,"column":11}},"511":{"start":{"line":512,"column":0},"end":{"line":512,"column":11}},"512":{"start":{"line":513,"column":0},"end":{"line":513,"column":4}},"513":{"start":{"line":514,"column":0},"end":{"line":514,"column":21}},"514":{"start":{"line":515,"column":0},"end":{"line":515,"column":18}},"515":{"start":{"line":516,"column":0},"end":{"line":516,"column":10}},"516":{"start":{"line":517,"column":0},"end":{"line":517,"column":20}},"517":{"start":{"line":518,"column":0},"end":{"line":518,"column":24}},"518":{"start":{"line":519,"column":0},"end":{"line":519,"column":26}},"519":{"start":{"line":520,"column":0},"end":{"line":520,"column":35}},"520":{"start":{"line":521,"column":0},"end":{"line":521,"column":33}},"521":{"start":{"line":522,"column":0},"end":{"line":522,"column":31}},"522":{"start":{"line":523,"column":0},"end":{"line":523,"column":16}},"523":{"start":{"line":524,"column":0},"end":{"line":524,"column":9}},"524":{"start":{"line":525,"column":0},"end":{"line":525,"column":7}},"525":{"start":{"line":526,"column":0},"end":{"line":526,"column":5}},"526":{"start":{"line":527,"column":0},"end":{"line":527,"column":18}},"527":{"start":{"line":528,"column":0},"end":{"line":528,"column":3}},"528":{"start":{"line":529,"column":0},"end":{"line":529,"column":1}},"529":{"start":{"line":530,"column":0},"end":{"line":530,"column":0}},"530":{"start":{"line":531,"column":0},"end":{"line":531,"column":80}},"531":{"start":{"line":532,"column":0},"end":{"line":532,"column":0}},"532":{"start":{"line":533,"column":0},"end":{"line":533,"column":36}},"533":{"start":{"line":534,"column":0},"end":{"line":534,"column":33}},"534":{"start":{"line":535,"column":0},"end":{"line":535,"column":25}},"535":{"start":{"line":536,"column":0},"end":{"line":536,"column":3}},"536":{"start":{"line":537,"column":0},"end":{"line":537,"column":34}},"537":{"start":{"line":538,"column":0},"end":{"line":538,"column":24}},"538":{"start":{"line":539,"column":0},"end":{"line":539,"column":17}},"539":{"start":{"line":540,"column":0},"end":{"line":540,"column":17}},"540":{"start":{"line":541,"column":0},"end":{"line":541,"column":17}},"541":{"start":{"line":542,"column":0},"end":{"line":542,"column":15}},"542":{"start":{"line":543,"column":0},"end":{"line":543,"column":15}},"543":{"start":{"line":544,"column":0},"end":{"line":544,"column":16}},"544":{"start":{"line":545,"column":0},"end":{"line":545,"column":14}},"545":{"start":{"line":546,"column":0},"end":{"line":546,"column":14}},"546":{"start":{"line":547,"column":0},"end":{"line":547,"column":14}},"547":{"start":{"line":548,"column":0},"end":{"line":548,"column":15}},"548":{"start":{"line":549,"column":0},"end":{"line":549,"column":15}},"549":{"start":{"line":550,"column":0},"end":{"line":550,"column":17}},"550":{"start":{"line":551,"column":0},"end":{"line":551,"column":17}},"551":{"start":{"line":552,"column":0},"end":{"line":552,"column":18}},"552":{"start":{"line":553,"column":0},"end":{"line":553,"column":16}},"553":{"start":{"line":554,"column":0},"end":{"line":554,"column":16}},"554":{"start":{"line":555,"column":0},"end":{"line":555,"column":17}},"555":{"start":{"line":556,"column":0},"end":{"line":556,"column":17}},"556":{"start":{"line":557,"column":0},"end":{"line":557,"column":15}},"557":{"start":{"line":558,"column":0},"end":{"line":558,"column":15}},"558":{"start":{"line":559,"column":0},"end":{"line":559,"column":12}},"559":{"start":{"line":560,"column":0},"end":{"line":560,"column":12}},"560":{"start":{"line":561,"column":0},"end":{"line":561,"column":13}},"561":{"start":{"line":562,"column":0},"end":{"line":562,"column":13}},"562":{"start":{"line":563,"column":0},"end":{"line":563,"column":11}},"563":{"start":{"line":564,"column":0},"end":{"line":564,"column":12}},"564":{"start":{"line":565,"column":0},"end":{"line":565,"column":12}},"565":{"start":{"line":566,"column":0},"end":{"line":566,"column":13}},"566":{"start":{"line":567,"column":0},"end":{"line":567,"column":11}},"567":{"start":{"line":568,"column":0},"end":{"line":568,"column":11}},"568":{"start":{"line":569,"column":0},"end":{"line":569,"column":12}},"569":{"start":{"line":570,"column":0},"end":{"line":570,"column":4}},"570":{"start":{"line":571,"column":0},"end":{"line":571,"column":47}},"571":{"start":{"line":572,"column":0},"end":{"line":572,"column":25}},"572":{"start":{"line":573,"column":0},"end":{"line":573,"column":47}},"573":{"start":{"line":574,"column":0},"end":{"line":574,"column":47}},"574":{"start":{"line":575,"column":0},"end":{"line":575,"column":14}},"575":{"start":{"line":576,"column":0},"end":{"line":576,"column":7}},"576":{"start":{"line":577,"column":0},"end":{"line":577,"column":5}},"577":{"start":{"line":578,"column":0},"end":{"line":578,"column":3}},"578":{"start":{"line":579,"column":0},"end":{"line":579,"column":32}},"579":{"start":{"line":580,"column":0},"end":{"line":580,"column":56}},"580":{"start":{"line":581,"column":0},"end":{"line":581,"column":41}},"581":{"start":{"line":582,"column":0},"end":{"line":582,"column":3}},"582":{"start":{"line":583,"column":0},"end":{"line":583,"column":49}},"583":{"start":{"line":584,"column":0},"end":{"line":584,"column":30}},"584":{"start":{"line":585,"column":0},"end":{"line":585,"column":3}},"585":{"start":{"line":586,"column":0},"end":{"line":586,"column":16}},"586":{"start":{"line":587,"column":0},"end":{"line":587,"column":1}},"587":{"start":{"line":588,"column":0},"end":{"line":588,"column":59}},"588":{"start":{"line":589,"column":0},"end":{"line":589,"column":18}},"589":{"start":{"line":590,"column":0},"end":{"line":590,"column":19}},"590":{"start":{"line":591,"column":0},"end":{"line":591,"column":19}},"591":{"start":{"line":592,"column":0},"end":{"line":592,"column":28}},"592":{"start":{"line":593,"column":0},"end":{"line":593,"column":20}},"593":{"start":{"line":594,"column":0},"end":{"line":594,"column":11}},"594":{"start":{"line":595,"column":0},"end":{"line":595,"column":38}},"595":{"start":{"line":596,"column":0},"end":{"line":596,"column":16}},"596":{"start":{"line":597,"column":0},"end":{"line":597,"column":10}},"597":{"start":{"line":598,"column":0},"end":{"line":598,"column":16}},"598":{"start":{"line":599,"column":0},"end":{"line":599,"column":15}},"599":{"start":{"line":600,"column":0},"end":{"line":600,"column":24}},"600":{"start":{"line":601,"column":0},"end":{"line":601,"column":16}},"601":{"start":{"line":602,"column":0},"end":{"line":602,"column":11}},"602":{"start":{"line":603,"column":0},"end":{"line":603,"column":11}},"603":{"start":{"line":604,"column":0},"end":{"line":604,"column":16}},"604":{"start":{"line":605,"column":0},"end":{"line":605,"column":16}},"605":{"start":{"line":606,"column":0},"end":{"line":606,"column":26}},"606":{"start":{"line":607,"column":0},"end":{"line":607,"column":15}},"607":{"start":{"line":608,"column":0},"end":{"line":608,"column":15}},"608":{"start":{"line":609,"column":0},"end":{"line":609,"column":19}},"609":{"start":{"line":610,"column":0},"end":{"line":610,"column":13}},"610":{"start":{"line":611,"column":0},"end":{"line":611,"column":13}},"611":{"start":{"line":612,"column":0},"end":{"line":612,"column":13}},"612":{"start":{"line":613,"column":0},"end":{"line":613,"column":21}},"613":{"start":{"line":614,"column":0},"end":{"line":614,"column":14}},"614":{"start":{"line":615,"column":0},"end":{"line":615,"column":17}},"615":{"start":{"line":616,"column":0},"end":{"line":616,"column":21}},"616":{"start":{"line":617,"column":0},"end":{"line":617,"column":2}}},"s":{"0":1,"1":1,"2":1,"3":1,"4":4,"5":4,"6":2,"7":2,"8":4,"9":1,"10":4,"11":4,"12":1,"13":1,"14":8,"15":8,"16":1,"17":1,"18":8,"19":1,"20":1,"21":8,"22":1,"23":1,"24":8,"25":1,"26":1,"27":8,"28":1,"29":1,"30":8,"31":1,"32":1,"33":8,"34":1,"35":1,"36":8,"37":1,"38":1,"39":8,"40":1,"41":1,"42":8,"43":8,"44":2,"45":2,"46":6,"47":8,"48":4,"49":4,"50":8,"51":4,"52":4,"53":8,"54":3,"55":3,"56":6,"57":6,"58":1,"59":1,"60":4,"61":4,"62":2,"63":2,"64":2,"65":2,"66":2,"67":4,"68":4,"69":1,"70":1,"71":1,"72":17,"73":17,"74":2,"75":2,"76":17,"77":1,"78":1,"79":17,"80":1,"81":1,"82":17,"83":2,"84":2,"85":17,"86":2,"87":2,"88":17,"89":2,"90":2,"91":17,"92":2,"93":2,"94":17,"95":2,"96":2,"97":17,"98":3,"99":3,"100":17,"101":1,"102":1,"103":1,"104":1,"105":1,"106":2,"107":2,"108":2,"109":2,"110":198,"111":98,"112":98,"113":98,"114":198,"115":2,"116":2,"117":1,"118":1,"119":1,"120":5,"121":5,"122":1,"123":1,"124":4,"125":5,"126":45,"127":6,"128":6,"129":45,"130":5,"131":1,"132":5,"133":5,"134":1,"135":1,"136":1,"137":1,"138":8,"139":8,"140":1,"141":1,"142":7,"143":8,"144":12,"145":9,"146":9,"147":12,"148":7,"149":7,"150":1,"151":1,"152":1,"153":1,"154":1,"155":0,"156":0,"157":0,"158":0,"159":0,"160":0,"161":0,"162":0,"163":0,"164":0,"165":0,"166":0,"167":0,"168":1,"169":1,"170":1,"171":4,"172":4,"173":1,"174":1,"175":3,"176":4,"177":23,"178":23,"179":3,"180":3,"181":1,"182":1,"183":1,"184":3,"185":3,"186":1,"187":1,"188":3,"189":1,"190":1,"191":1,"192":1,"193":3,"194":0,"195":0,"196":0,"197":0,"198":1,"199":1,"200":1,"201":1,"202":1,"203":4,"204":4,"205":1,"206":1,"207":3,"208":3,"209":3,"210":4,"211":11,"212":11,"213":11,"214":11,"215":3,"216":3,"217":1,"218":1,"219":1,"220":1,"221":3,"222":3,"223":1,"224":1,"225":3,"226":1,"227":1,"228":1,"229":3,"230":4,"231":1,"232":1,"233":4,"234":1,"235":1,"236":1,"237":1,"238":1,"239":4,"240":4,"241":1,"242":1,"243":4,"244":1,"245":1,"246":2,"247":4,"248":8,"249":2,"250":2,"251":8,"252":2,"253":2,"254":1,"255":1,"256":1,"257":4,"258":4,"259":1,"260":1,"261":4,"262":1,"263":1,"264":2,"265":2,"266":4,"267":12,"268":3,"269":3,"270":3,"271":12,"272":2,"273":2,"274":1,"275":1,"276":1,"277":4,"278":4,"279":1,"280":1,"281":4,"282":1,"283":1,"284":2,"285":2,"286":4,"287":13,"288":3,"289":3,"290":3,"291":13,"292":2,"293":2,"294":1,"295":1,"296":1,"297":4,"298":4,"299":1,"300":1,"301":4,"302":1,"303":1,"304":2,"305":4,"306":13,"307":6,"308":6,"309":13,"310":2,"311":2,"312":1,"313":1,"314":1,"315":4,"316":4,"317":1,"318":1,"319":4,"320":1,"321":1,"322":2,"323":4,"324":13,"325":13,"326":2,"327":2,"328":1,"329":1,"330":1,"331":4,"332":4,"333":1,"334":1,"335":4,"336":1,"337":1,"338":2,"339":4,"340":8,"341":5,"342":5,"343":8,"344":2,"345":2,"346":1,"347":1,"348":1,"349":4,"350":4,"351":1,"352":1,"353":4,"354":1,"355":1,"356":2,"357":4,"358":4,"359":4,"360":4,"361":4,"362":1,"363":4,"364":4,"365":1,"366":1,"367":1,"368":4,"369":4,"370":1,"371":1,"372":4,"373":1,"374":1,"375":4,"376":5,"377":5,"378":13,"379":7,"380":7,"381":7,"382":7,"383":7,"384":7,"385":13,"386":5,"387":5,"388":2,"389":2,"390":1,"391":4,"392":4,"393":1,"394":1,"395":4,"396":1,"397":1,"398":4,"399":7,"400":7,"401":7,"402":23,"403":10,"404":10,"405":10,"406":23,"407":7,"408":7,"409":7,"410":7,"411":2,"412":2,"413":1,"414":4,"415":4,"416":1,"417":1,"418":4,"419":1,"420":1,"421":4,"422":5,"423":5,"424":5,"425":4,"426":4,"427":4,"428":5,"429":5,"430":2,"431":2,"432":1,"433":1,"434":1,"435":1,"436":1,"437":10,"438":10,"439":1,"440":1,"441":10,"442":2,"443":2,"444":7,"445":7,"446":7,"447":7,"448":7,"449":7,"450":7,"451":7,"452":7,"453":7,"454":7,"455":1,"456":1,"457":1,"458":4,"459":4,"460":4,"461":3,"462":3,"463":3,"464":4,"465":1,"466":4,"467":4,"468":1,"469":1,"470":1,"471":5,"472":5,"473":1,"474":1,"475":4,"476":4,"477":4,"478":4,"479":4,"480":4,"481":4,"482":4,"483":4,"484":4,"485":4,"486":4,"487":4,"488":4,"489":4,"490":4,"491":4,"492":4,"493":4,"494":4,"495":4,"496":4,"497":4,"498":4,"499":4,"500":4,"501":4,"502":4,"503":4,"504":4,"505":4,"506":4,"507":4,"508":4,"509":4,"510":4,"511":4,"512":4,"513":5,"514":1,"515":5,"516":3,"517":3,"518":6,"519":115,"520":6,"521":6,"522":6,"523":6,"524":115,"525":6,"526":3,"527":3,"528":5,"529":1,"530":1,"531":1,"532":6,"533":6,"534":1,"535":1,"536":5,"537":5,"538":5,"539":5,"540":5,"541":5,"542":5,"543":5,"544":5,"545":5,"546":5,"547":5,"548":5,"549":5,"550":5,"551":5,"552":5,"553":5,"554":5,"555":5,"556":5,"557":5,"558":5,"559":5,"560":5,"561":5,"562":5,"563":5,"564":5,"565":5,"566":5,"567":5,"568":5,"569":5,"570":6,"571":19,"572":159,"573":14,"574":14,"575":14,"576":159,"577":19,"578":6,"579":3,"580":3,"581":3,"582":6,"583":11,"584":11,"585":5,"586":5,"587":1,"588":1,"589":1,"590":1,"591":1,"592":1,"593":1,"594":1,"595":1,"596":1,"597":1,"598":1,"599":1,"600":1,"601":1,"602":1,"603":1,"604":1,"605":1,"606":1,"607":1,"608":1,"609":1,"610":1,"611":1,"612":1,"613":1,"614":1,"615":1,"616":1},"branchMap":{"0":{"type":"branch","line":5,"loc":{"start":{"line":5,"column":0},"end":{"line":12,"column":1}},"locations":[{"start":{"line":5,"column":0},"end":{"line":12,"column":1}}]},"1":{"type":"branch","line":6,"loc":{"start":{"line":6,"column":6},"end":{"line":6,"column":54}},"locations":[{"start":{"line":6,"column":6},"end":{"line":6,"column":54}}]},"2":{"type":"branch","line":6,"loc":{"start":{"line":6,"column":54},"end":{"line":9,"column":6}},"locations":[{"start":{"line":6,"column":54},"end":{"line":9,"column":6}}]},"3":{"type":"branch","line":9,"loc":{"start":{"line":9,"column":19},"end":{"line":11,"column":16}},"locations":[{"start":{"line":9,"column":19},"end":{"line":11,"column":16}}]},"4":{"type":"branch","line":15,"loc":{"start":{"line":15,"column":0},"end":{"line":40,"column":1}},"locations":[{"start":{"line":15,"column":0},"end":{"line":40,"column":1}}]},"5":{"type":"branch","line":16,"loc":{"start":{"line":16,"column":6},"end":{"line":16,"column":54}},"locations":[{"start":{"line":16,"column":6},"end":{"line":16,"column":54}}]},"6":{"type":"branch","line":16,"loc":{"start":{"line":16,"column":54},"end":{"line":18,"column":3}},"locations":[{"start":{"line":16,"column":54},"end":{"line":18,"column":3}}]},"7":{"type":"branch","line":19,"loc":{"start":{"line":19,"column":-2},"end":{"line":19,"column":7}},"locations":[{"start":{"line":19,"column":-2},"end":{"line":19,"column":7}}]},"8":{"type":"branch","line":19,"loc":{"start":{"line":19,"column":6},"end":{"line":19,"column":22}},"locations":[{"start":{"line":19,"column":6},"end":{"line":19,"column":22}}]},"9":{"type":"branch","line":19,"loc":{"start":{"line":19,"column":22},"end":{"line":21,"column":3}},"locations":[{"start":{"line":19,"column":22},"end":{"line":21,"column":3}}]},"10":{"type":"branch","line":22,"loc":{"start":{"line":22,"column":-2},"end":{"line":22,"column":7}},"locations":[{"start":{"line":22,"column":-2},"end":{"line":22,"column":7}}]},"11":{"type":"branch","line":22,"loc":{"start":{"line":22,"column":6},"end":{"line":22,"column":22}},"locations":[{"start":{"line":22,"column":6},"end":{"line":22,"column":22}}]},"12":{"type":"branch","line":22,"loc":{"start":{"line":22,"column":22},"end":{"line":24,"column":3}},"locations":[{"start":{"line":22,"column":22},"end":{"line":24,"column":3}}]},"13":{"type":"branch","line":25,"loc":{"start":{"line":25,"column":-2},"end":{"line":25,"column":7}},"locations":[{"start":{"line":25,"column":-2},"end":{"line":25,"column":7}}]},"14":{"type":"branch","line":25,"loc":{"start":{"line":25,"column":6},"end":{"line":25,"column":22}},"locations":[{"start":{"line":25,"column":6},"end":{"line":25,"column":22}}]},"15":{"type":"branch","line":25,"loc":{"start":{"line":25,"column":22},"end":{"line":27,"column":3}},"locations":[{"start":{"line":25,"column":22},"end":{"line":27,"column":3}}]},"16":{"type":"branch","line":28,"loc":{"start":{"line":28,"column":-2},"end":{"line":28,"column":7}},"locations":[{"start":{"line":28,"column":-2},"end":{"line":28,"column":7}}]},"17":{"type":"branch","line":28,"loc":{"start":{"line":28,"column":6},"end":{"line":28,"column":22}},"locations":[{"start":{"line":28,"column":6},"end":{"line":28,"column":22}}]},"18":{"type":"branch","line":28,"loc":{"start":{"line":28,"column":22},"end":{"line":30,"column":3}},"locations":[{"start":{"line":28,"column":22},"end":{"line":30,"column":3}}]},"19":{"type":"branch","line":31,"loc":{"start":{"line":31,"column":-2},"end":{"line":31,"column":7}},"locations":[{"start":{"line":31,"column":-2},"end":{"line":31,"column":7}}]},"20":{"type":"branch","line":31,"loc":{"start":{"line":31,"column":6},"end":{"line":31,"column":26}},"locations":[{"start":{"line":31,"column":6},"end":{"line":31,"column":26}}]},"21":{"type":"branch","line":31,"loc":{"start":{"line":31,"column":26},"end":{"line":33,"column":3}},"locations":[{"start":{"line":31,"column":26},"end":{"line":33,"column":3}}]},"22":{"type":"branch","line":34,"loc":{"start":{"line":34,"column":-2},"end":{"line":34,"column":7}},"locations":[{"start":{"line":34,"column":-2},"end":{"line":34,"column":7}}]},"23":{"type":"branch","line":34,"loc":{"start":{"line":34,"column":6},"end":{"line":34,"column":26}},"locations":[{"start":{"line":34,"column":6},"end":{"line":34,"column":26}}]},"24":{"type":"branch","line":34,"loc":{"start":{"line":34,"column":26},"end":{"line":37,"column":26}},"locations":[{"start":{"line":34,"column":26},"end":{"line":37,"column":26}}]},"25":{"type":"branch","line":37,"loc":{"start":{"line":37,"column":26},"end":{"line":39,"column":3}},"locations":[{"start":{"line":37,"column":26},"end":{"line":39,"column":3}}]},"26":{"type":"branch","line":43,"loc":{"start":{"line":43,"column":0},"end":{"line":58,"column":1}},"locations":[{"start":{"line":43,"column":0},"end":{"line":58,"column":1}}]},"27":{"type":"branch","line":44,"loc":{"start":{"line":44,"column":6},"end":{"line":44,"column":56}},"locations":[{"start":{"line":44,"column":6},"end":{"line":44,"column":56}}]},"28":{"type":"branch","line":44,"loc":{"start":{"line":44,"column":6},"end":{"line":44,"column":79}},"locations":[{"start":{"line":44,"column":6},"end":{"line":44,"column":79}}]},"29":{"type":"branch","line":44,"loc":{"start":{"line":44,"column":79},"end":{"line":46,"column":3}},"locations":[{"start":{"line":44,"column":79},"end":{"line":46,"column":3}}]},"30":{"type":"branch","line":47,"loc":{"start":{"line":47,"column":-2},"end":{"line":48,"column":6}},"locations":[{"start":{"line":47,"column":-2},"end":{"line":48,"column":6}}]},"31":{"type":"branch","line":48,"loc":{"start":{"line":48,"column":13},"end":{"line":50,"column":3}},"locations":[{"start":{"line":48,"column":13},"end":{"line":50,"column":3}}]},"32":{"type":"branch","line":51,"loc":{"start":{"line":51,"column":-2},"end":{"line":51,"column":6}},"locations":[{"start":{"line":51,"column":-2},"end":{"line":51,"column":6}}]},"33":{"type":"branch","line":51,"loc":{"start":{"line":51,"column":13},"end":{"line":53,"column":3}},"locations":[{"start":{"line":51,"column":13},"end":{"line":53,"column":3}}]},"34":{"type":"branch","line":54,"loc":{"start":{"line":54,"column":-2},"end":{"line":54,"column":6}},"locations":[{"start":{"line":54,"column":-2},"end":{"line":54,"column":6}}]},"35":{"type":"branch","line":54,"loc":{"start":{"line":54,"column":13},"end":{"line":56,"column":3}},"locations":[{"start":{"line":54,"column":13},"end":{"line":56,"column":3}}]},"36":{"type":"branch","line":57,"loc":{"start":{"line":57,"column":-2},"end":{"line":58,"column":1}},"locations":[{"start":{"line":57,"column":-2},"end":{"line":58,"column":1}}]},"37":{"type":"branch","line":61,"loc":{"start":{"line":61,"column":0},"end":{"line":69,"column":1}},"locations":[{"start":{"line":61,"column":0},"end":{"line":69,"column":1}}]},"38":{"type":"branch","line":62,"loc":{"start":{"line":62,"column":6},"end":{"line":62,"column":56}},"locations":[{"start":{"line":62,"column":6},"end":{"line":62,"column":56}}]},"39":{"type":"branch","line":62,"loc":{"start":{"line":62,"column":6},"end":{"line":62,"column":79}},"locations":[{"start":{"line":62,"column":6},"end":{"line":62,"column":79}}]},"40":{"type":"branch","line":62,"loc":{"start":{"line":62,"column":79},"end":{"line":68,"column":16}},"locations":[{"start":{"line":62,"column":79},"end":{"line":68,"column":16}}]},"41":{"type":"branch","line":68,"loc":{"start":{"line":68,"column":9},"end":{"line":68,"column":40}},"locations":[{"start":{"line":68,"column":9},"end":{"line":68,"column":40}}]},"42":{"type":"branch","line":68,"loc":{"start":{"line":68,"column":9},"end":{"line":68,"column":50}},"locations":[{"start":{"line":68,"column":9},"end":{"line":68,"column":50}}]},"43":{"type":"branch","line":73,"loc":{"start":{"line":73,"column":0},"end":{"line":101,"column":1}},"locations":[{"start":{"line":73,"column":0},"end":{"line":101,"column":1}}]},"44":{"type":"branch","line":74,"loc":{"start":{"line":74,"column":34},"end":{"line":76,"column":3}},"locations":[{"start":{"line":74,"column":34},"end":{"line":76,"column":3}}]},"45":{"type":"branch","line":77,"loc":{"start":{"line":77,"column":-2},"end":{"line":77,"column":6}},"locations":[{"start":{"line":77,"column":-2},"end":{"line":77,"column":6}}]},"46":{"type":"branch","line":77,"loc":{"start":{"line":77,"column":18},"end":{"line":79,"column":3}},"locations":[{"start":{"line":77,"column":18},"end":{"line":79,"column":3}}]},"47":{"type":"branch","line":80,"loc":{"start":{"line":80,"column":-2},"end":{"line":80,"column":6}},"locations":[{"start":{"line":80,"column":-2},"end":{"line":80,"column":6}}]},"48":{"type":"branch","line":80,"loc":{"start":{"line":80,"column":20},"end":{"line":82,"column":3}},"locations":[{"start":{"line":80,"column":20},"end":{"line":82,"column":3}}]},"49":{"type":"branch","line":83,"loc":{"start":{"line":83,"column":-2},"end":{"line":83,"column":12}},"locations":[{"start":{"line":83,"column":-2},"end":{"line":83,"column":12}}]},"50":{"type":"branch","line":83,"loc":{"start":{"line":83,"column":6},"end":{"line":83,"column":35}},"locations":[{"start":{"line":83,"column":6},"end":{"line":83,"column":35}}]},"51":{"type":"branch","line":83,"loc":{"start":{"line":83,"column":35},"end":{"line":85,"column":3}},"locations":[{"start":{"line":83,"column":35},"end":{"line":85,"column":3}}]},"52":{"type":"branch","line":86,"loc":{"start":{"line":86,"column":-2},"end":{"line":86,"column":12}},"locations":[{"start":{"line":86,"column":-2},"end":{"line":86,"column":12}}]},"53":{"type":"branch","line":86,"loc":{"start":{"line":86,"column":6},"end":{"line":86,"column":36}},"locations":[{"start":{"line":86,"column":6},"end":{"line":86,"column":36}}]},"54":{"type":"branch","line":86,"loc":{"start":{"line":86,"column":36},"end":{"line":88,"column":3}},"locations":[{"start":{"line":86,"column":36},"end":{"line":88,"column":3}}]},"55":{"type":"branch","line":89,"loc":{"start":{"line":89,"column":-2},"end":{"line":89,"column":12}},"locations":[{"start":{"line":89,"column":-2},"end":{"line":89,"column":12}}]},"56":{"type":"branch","line":89,"loc":{"start":{"line":89,"column":6},"end":{"line":89,"column":36}},"locations":[{"start":{"line":89,"column":6},"end":{"line":89,"column":36}}]},"57":{"type":"branch","line":89,"loc":{"start":{"line":89,"column":36},"end":{"line":91,"column":3}},"locations":[{"start":{"line":89,"column":36},"end":{"line":91,"column":3}}]},"58":{"type":"branch","line":92,"loc":{"start":{"line":92,"column":-2},"end":{"line":92,"column":12}},"locations":[{"start":{"line":92,"column":-2},"end":{"line":92,"column":12}}]},"59":{"type":"branch","line":92,"loc":{"start":{"line":92,"column":6},"end":{"line":92,"column":36}},"locations":[{"start":{"line":92,"column":6},"end":{"line":92,"column":36}}]},"60":{"type":"branch","line":92,"loc":{"start":{"line":92,"column":36},"end":{"line":94,"column":3}},"locations":[{"start":{"line":92,"column":36},"end":{"line":94,"column":3}}]},"61":{"type":"branch","line":95,"loc":{"start":{"line":95,"column":-2},"end":{"line":95,"column":12}},"locations":[{"start":{"line":95,"column":-2},"end":{"line":95,"column":12}}]},"62":{"type":"branch","line":95,"loc":{"start":{"line":95,"column":6},"end":{"line":95,"column":36}},"locations":[{"start":{"line":95,"column":6},"end":{"line":95,"column":36}}]},"63":{"type":"branch","line":95,"loc":{"start":{"line":95,"column":36},"end":{"line":97,"column":3}},"locations":[{"start":{"line":95,"column":36},"end":{"line":97,"column":3}}]},"64":{"type":"branch","line":98,"loc":{"start":{"line":98,"column":-2},"end":{"line":98,"column":12}},"locations":[{"start":{"line":98,"column":-2},"end":{"line":98,"column":12}}]},"65":{"type":"branch","line":98,"loc":{"start":{"line":98,"column":6},"end":{"line":98,"column":38}},"locations":[{"start":{"line":98,"column":6},"end":{"line":98,"column":38}}]},"66":{"type":"branch","line":98,"loc":{"start":{"line":98,"column":38},"end":{"line":100,"column":3}},"locations":[{"start":{"line":98,"column":38},"end":{"line":100,"column":3}}]},"67":{"type":"branch","line":107,"loc":{"start":{"line":107,"column":0},"end":{"line":117,"column":1}},"locations":[{"start":{"line":107,"column":0},"end":{"line":117,"column":1}}]},"68":{"type":"branch","line":110,"loc":{"start":{"line":110,"column":32},"end":{"line":115,"column":3}},"locations":[{"start":{"line":110,"column":32},"end":{"line":115,"column":3}}]},"69":{"type":"branch","line":111,"loc":{"start":{"line":111,"column":21},"end":{"line":114,"column":5}},"locations":[{"start":{"line":111,"column":21},"end":{"line":114,"column":5}}]},"70":{"type":"branch","line":121,"loc":{"start":{"line":121,"column":0},"end":{"line":134,"column":1}},"locations":[{"start":{"line":121,"column":0},"end":{"line":134,"column":1}}]},"71":{"type":"branch","line":122,"loc":{"start":{"line":122,"column":34},"end":{"line":124,"column":3}},"locations":[{"start":{"line":122,"column":34},"end":{"line":124,"column":3}}]},"72":{"type":"branch","line":125,"loc":{"start":{"line":125,"column":-2},"end":{"line":126,"column":7}},"locations":[{"start":{"line":125,"column":-2},"end":{"line":126,"column":7}}]},"73":{"type":"branch","line":126,"loc":{"start":{"line":126,"column":36},"end":{"line":130,"column":3}},"locations":[{"start":{"line":126,"column":36},"end":{"line":130,"column":3}}]},"74":{"type":"branch","line":127,"loc":{"start":{"line":127,"column":26},"end":{"line":129,"column":5}},"locations":[{"start":{"line":127,"column":26},"end":{"line":129,"column":5}}]},"75":{"type":"branch","line":131,"loc":{"start":{"line":131,"column":-2},"end":{"line":131,"column":6}},"locations":[{"start":{"line":131,"column":-2},"end":{"line":131,"column":6}}]},"76":{"type":"branch","line":131,"loc":{"start":{"line":131,"column":19},"end":{"line":133,"column":9}},"locations":[{"start":{"line":131,"column":19},"end":{"line":133,"column":9}}]},"77":{"type":"branch","line":133,"loc":{"start":{"line":133,"column":3},"end":{"line":133,"column":16}},"locations":[{"start":{"line":133,"column":3},"end":{"line":133,"column":16}}]},"78":{"type":"branch","line":139,"loc":{"start":{"line":139,"column":0},"end":{"line":150,"column":1}},"locations":[{"start":{"line":139,"column":0},"end":{"line":150,"column":1}}]},"79":{"type":"branch","line":140,"loc":{"start":{"line":140,"column":34},"end":{"line":142,"column":3}},"locations":[{"start":{"line":140,"column":34},"end":{"line":142,"column":3}}]},"80":{"type":"branch","line":143,"loc":{"start":{"line":143,"column":-2},"end":{"line":144,"column":7}},"locations":[{"start":{"line":143,"column":-2},"end":{"line":144,"column":7}}]},"81":{"type":"branch","line":144,"loc":{"start":{"line":144,"column":35},"end":{"line":148,"column":3}},"locations":[{"start":{"line":144,"column":35},"end":{"line":148,"column":3}}]},"82":{"type":"branch","line":145,"loc":{"start":{"line":145,"column":25},"end":{"line":147,"column":5}},"locations":[{"start":{"line":145,"column":25},"end":{"line":147,"column":5}}]},"83":{"type":"branch","line":149,"loc":{"start":{"line":149,"column":-2},"end":{"line":150,"column":1}},"locations":[{"start":{"line":149,"column":-2},"end":{"line":150,"column":1}}]},"84":{"type":"branch","line":152,"loc":{"start":{"line":152,"column":0},"end":{"line":168,"column":1}},"locations":[{"start":{"line":152,"column":0},"end":{"line":168,"column":1}}]},"85":{"type":"branch","line":156,"loc":{"start":{"line":156,"column":-2},"end":{"line":168,"column":1}},"locations":[{"start":{"line":156,"column":-2},"end":{"line":168,"column":1}}]},"86":{"type":"branch","line":172,"loc":{"start":{"line":172,"column":0},"end":{"line":181,"column":1}},"locations":[{"start":{"line":172,"column":0},"end":{"line":181,"column":1}}]},"87":{"type":"branch","line":173,"loc":{"start":{"line":173,"column":34},"end":{"line":175,"column":3}},"locations":[{"start":{"line":173,"column":34},"end":{"line":175,"column":3}}]},"88":{"type":"branch","line":176,"loc":{"start":{"line":176,"column":-2},"end":{"line":177,"column":7}},"locations":[{"start":{"line":176,"column":-2},"end":{"line":177,"column":7}}]},"89":{"type":"branch","line":177,"loc":{"start":{"line":177,"column":36},"end":{"line":179,"column":3}},"locations":[{"start":{"line":177,"column":36},"end":{"line":179,"column":3}}]},"90":{"type":"branch","line":180,"loc":{"start":{"line":180,"column":-2},"end":{"line":181,"column":1}},"locations":[{"start":{"line":180,"column":-2},"end":{"line":181,"column":1}}]},"91":{"type":"branch","line":185,"loc":{"start":{"line":185,"column":0},"end":{"line":200,"column":1}},"locations":[{"start":{"line":185,"column":0},"end":{"line":200,"column":1}}]},"92":{"type":"branch","line":186,"loc":{"start":{"line":186,"column":34},"end":{"line":188,"column":3}},"locations":[{"start":{"line":186,"column":34},"end":{"line":188,"column":3}}]},"93":{"type":"branch","line":189,"loc":{"start":{"line":189,"column":-2},"end":{"line":189,"column":6}},"locations":[{"start":{"line":189,"column":-2},"end":{"line":189,"column":6}}]},"94":{"type":"branch","line":189,"loc":{"start":{"line":189,"column":33},"end":{"line":194,"column":9}},"locations":[{"start":{"line":189,"column":33},"end":{"line":194,"column":9}}]},"95":{"type":"branch","line":194,"loc":{"start":{"line":194,"column":21},"end":{"line":198,"column":3}},"locations":[{"start":{"line":194,"column":21},"end":{"line":198,"column":3}}]},"96":{"type":"branch","line":199,"loc":{"start":{"line":199,"column":-2},"end":{"line":200,"column":1}},"locations":[{"start":{"line":199,"column":-2},"end":{"line":200,"column":1}}]},"97":{"type":"branch","line":204,"loc":{"start":{"line":204,"column":0},"end":{"line":217,"column":1}},"locations":[{"start":{"line":204,"column":0},"end":{"line":217,"column":1}}]},"98":{"type":"branch","line":205,"loc":{"start":{"line":205,"column":34},"end":{"line":207,"column":3}},"locations":[{"start":{"line":205,"column":34},"end":{"line":207,"column":3}}]},"99":{"type":"branch","line":208,"loc":{"start":{"line":208,"column":-2},"end":{"line":211,"column":9}},"locations":[{"start":{"line":208,"column":-2},"end":{"line":211,"column":9}}]},"100":{"type":"branch","line":211,"loc":{"start":{"line":211,"column":17},"end":{"line":215,"column":3}},"locations":[{"start":{"line":211,"column":17},"end":{"line":215,"column":3}}]},"101":{"type":"branch","line":216,"loc":{"start":{"line":216,"column":-2},"end":{"line":217,"column":1}},"locations":[{"start":{"line":216,"column":-2},"end":{"line":217,"column":1}}]},"102":{"type":"branch","line":222,"loc":{"start":{"line":222,"column":0},"end":{"line":236,"column":1}},"locations":[{"start":{"line":222,"column":0},"end":{"line":236,"column":1}}]},"103":{"type":"branch","line":223,"loc":{"start":{"line":223,"column":29},"end":{"line":225,"column":3}},"locations":[{"start":{"line":223,"column":29},"end":{"line":225,"column":3}}]},"104":{"type":"branch","line":226,"loc":{"start":{"line":226,"column":-2},"end":{"line":226,"column":6}},"locations":[{"start":{"line":226,"column":-2},"end":{"line":226,"column":6}}]},"105":{"type":"branch","line":226,"loc":{"start":{"line":226,"column":24},"end":{"line":230,"column":7}},"locations":[{"start":{"line":226,"column":24},"end":{"line":230,"column":7}}]},"106":{"type":"branch","line":230,"loc":{"start":{"line":230,"column":41},"end":{"line":234,"column":3}},"locations":[{"start":{"line":230,"column":41},"end":{"line":234,"column":3}}]},"107":{"type":"branch","line":231,"loc":{"start":{"line":231,"column":24},"end":{"line":233,"column":5}},"locations":[{"start":{"line":231,"column":24},"end":{"line":233,"column":5}}]},"108":{"type":"branch","line":235,"loc":{"start":{"line":235,"column":-2},"end":{"line":236,"column":1}},"locations":[{"start":{"line":235,"column":-2},"end":{"line":236,"column":1}}]},"109":{"type":"branch","line":240,"loc":{"start":{"line":240,"column":0},"end":{"line":254,"column":1}},"locations":[{"start":{"line":240,"column":0},"end":{"line":254,"column":1}}]},"110":{"type":"branch","line":241,"loc":{"start":{"line":241,"column":29},"end":{"line":243,"column":3}},"locations":[{"start":{"line":241,"column":29},"end":{"line":243,"column":3}}]},"111":{"type":"branch","line":244,"loc":{"start":{"line":244,"column":-2},"end":{"line":244,"column":6}},"locations":[{"start":{"line":244,"column":-2},"end":{"line":244,"column":6}}]},"112":{"type":"branch","line":244,"loc":{"start":{"line":244,"column":24},"end":{"line":246,"column":3}},"locations":[{"start":{"line":244,"column":24},"end":{"line":246,"column":3}}]},"113":{"type":"branch","line":247,"loc":{"start":{"line":247,"column":-2},"end":{"line":248,"column":7}},"locations":[{"start":{"line":247,"column":-2},"end":{"line":248,"column":7}}]},"114":{"type":"branch","line":248,"loc":{"start":{"line":248,"column":41},"end":{"line":252,"column":3}},"locations":[{"start":{"line":248,"column":41},"end":{"line":252,"column":3}}]},"115":{"type":"branch","line":249,"loc":{"start":{"line":249,"column":24},"end":{"line":251,"column":5}},"locations":[{"start":{"line":249,"column":24},"end":{"line":251,"column":5}}]},"116":{"type":"branch","line":253,"loc":{"start":{"line":253,"column":-2},"end":{"line":254,"column":1}},"locations":[{"start":{"line":253,"column":-2},"end":{"line":254,"column":1}}]},"117":{"type":"branch","line":258,"loc":{"start":{"line":258,"column":0},"end":{"line":274,"column":1}},"locations":[{"start":{"line":258,"column":0},"end":{"line":274,"column":1}}]},"118":{"type":"branch","line":259,"loc":{"start":{"line":259,"column":29},"end":{"line":261,"column":3}},"locations":[{"start":{"line":259,"column":29},"end":{"line":261,"column":3}}]},"119":{"type":"branch","line":262,"loc":{"start":{"line":262,"column":-2},"end":{"line":262,"column":6}},"locations":[{"start":{"line":262,"column":-2},"end":{"line":262,"column":6}}]},"120":{"type":"branch","line":262,"loc":{"start":{"line":262,"column":24},"end":{"line":264,"column":3}},"locations":[{"start":{"line":262,"column":24},"end":{"line":264,"column":3}}]},"121":{"type":"branch","line":265,"loc":{"start":{"line":265,"column":-2},"end":{"line":267,"column":7}},"locations":[{"start":{"line":265,"column":-2},"end":{"line":267,"column":7}}]},"122":{"type":"branch","line":267,"loc":{"start":{"line":267,"column":41},"end":{"line":272,"column":3}},"locations":[{"start":{"line":267,"column":41},"end":{"line":272,"column":3}}]},"123":{"type":"branch","line":268,"loc":{"start":{"line":268,"column":24},"end":{"line":271,"column":5}},"locations":[{"start":{"line":268,"column":24},"end":{"line":271,"column":5}}]},"124":{"type":"branch","line":273,"loc":{"start":{"line":273,"column":-2},"end":{"line":274,"column":1}},"locations":[{"start":{"line":273,"column":-2},"end":{"line":274,"column":1}}]},"125":{"type":"branch","line":278,"loc":{"start":{"line":278,"column":0},"end":{"line":294,"column":1}},"locations":[{"start":{"line":278,"column":0},"end":{"line":294,"column":1}}]},"126":{"type":"branch","line":279,"loc":{"start":{"line":279,"column":29},"end":{"line":281,"column":3}},"locations":[{"start":{"line":279,"column":29},"end":{"line":281,"column":3}}]},"127":{"type":"branch","line":282,"loc":{"start":{"line":282,"column":-2},"end":{"line":282,"column":6}},"locations":[{"start":{"line":282,"column":-2},"end":{"line":282,"column":6}}]},"128":{"type":"branch","line":282,"loc":{"start":{"line":282,"column":24},"end":{"line":284,"column":3}},"locations":[{"start":{"line":282,"column":24},"end":{"line":284,"column":3}}]},"129":{"type":"branch","line":285,"loc":{"start":{"line":285,"column":-2},"end":{"line":287,"column":7}},"locations":[{"start":{"line":285,"column":-2},"end":{"line":287,"column":7}}]},"130":{"type":"branch","line":287,"loc":{"start":{"line":287,"column":41},"end":{"line":292,"column":3}},"locations":[{"start":{"line":287,"column":41},"end":{"line":292,"column":3}}]},"131":{"type":"branch","line":288,"loc":{"start":{"line":288,"column":24},"end":{"line":291,"column":5}},"locations":[{"start":{"line":288,"column":24},"end":{"line":291,"column":5}}]},"132":{"type":"branch","line":293,"loc":{"start":{"line":293,"column":-2},"end":{"line":294,"column":1}},"locations":[{"start":{"line":293,"column":-2},"end":{"line":294,"column":1}}]},"133":{"type":"branch","line":298,"loc":{"start":{"line":298,"column":0},"end":{"line":312,"column":1}},"locations":[{"start":{"line":298,"column":0},"end":{"line":312,"column":1}}]},"134":{"type":"branch","line":299,"loc":{"start":{"line":299,"column":29},"end":{"line":301,"column":3}},"locations":[{"start":{"line":299,"column":29},"end":{"line":301,"column":3}}]},"135":{"type":"branch","line":302,"loc":{"start":{"line":302,"column":-2},"end":{"line":302,"column":6}},"locations":[{"start":{"line":302,"column":-2},"end":{"line":302,"column":6}}]},"136":{"type":"branch","line":302,"loc":{"start":{"line":302,"column":24},"end":{"line":304,"column":3}},"locations":[{"start":{"line":302,"column":24},"end":{"line":304,"column":3}}]},"137":{"type":"branch","line":305,"loc":{"start":{"line":305,"column":-2},"end":{"line":306,"column":7}},"locations":[{"start":{"line":305,"column":-2},"end":{"line":306,"column":7}}]},"138":{"type":"branch","line":306,"loc":{"start":{"line":306,"column":41},"end":{"line":310,"column":3}},"locations":[{"start":{"line":306,"column":41},"end":{"line":310,"column":3}}]},"139":{"type":"branch","line":307,"loc":{"start":{"line":307,"column":21},"end":{"line":309,"column":5}},"locations":[{"start":{"line":307,"column":21},"end":{"line":309,"column":5}}]},"140":{"type":"branch","line":311,"loc":{"start":{"line":311,"column":-2},"end":{"line":312,"column":1}},"locations":[{"start":{"line":311,"column":-2},"end":{"line":312,"column":1}}]},"141":{"type":"branch","line":316,"loc":{"start":{"line":316,"column":0},"end":{"line":328,"column":1}},"locations":[{"start":{"line":316,"column":0},"end":{"line":328,"column":1}}]},"142":{"type":"branch","line":317,"loc":{"start":{"line":317,"column":29},"end":{"line":319,"column":3}},"locations":[{"start":{"line":317,"column":29},"end":{"line":319,"column":3}}]},"143":{"type":"branch","line":320,"loc":{"start":{"line":320,"column":-2},"end":{"line":320,"column":6}},"locations":[{"start":{"line":320,"column":-2},"end":{"line":320,"column":6}}]},"144":{"type":"branch","line":320,"loc":{"start":{"line":320,"column":24},"end":{"line":322,"column":3}},"locations":[{"start":{"line":320,"column":24},"end":{"line":322,"column":3}}]},"145":{"type":"branch","line":323,"loc":{"start":{"line":323,"column":-2},"end":{"line":324,"column":7}},"locations":[{"start":{"line":323,"column":-2},"end":{"line":324,"column":7}}]},"146":{"type":"branch","line":324,"loc":{"start":{"line":324,"column":46},"end":{"line":326,"column":3}},"locations":[{"start":{"line":324,"column":46},"end":{"line":326,"column":3}}]},"147":{"type":"branch","line":327,"loc":{"start":{"line":327,"column":-2},"end":{"line":328,"column":1}},"locations":[{"start":{"line":327,"column":-2},"end":{"line":328,"column":1}}]},"148":{"type":"branch","line":332,"loc":{"start":{"line":332,"column":0},"end":{"line":346,"column":1}},"locations":[{"start":{"line":332,"column":0},"end":{"line":346,"column":1}}]},"149":{"type":"branch","line":333,"loc":{"start":{"line":333,"column":29},"end":{"line":335,"column":3}},"locations":[{"start":{"line":333,"column":29},"end":{"line":335,"column":3}}]},"150":{"type":"branch","line":336,"loc":{"start":{"line":336,"column":-2},"end":{"line":336,"column":6}},"locations":[{"start":{"line":336,"column":-2},"end":{"line":336,"column":6}}]},"151":{"type":"branch","line":336,"loc":{"start":{"line":336,"column":24},"end":{"line":338,"column":3}},"locations":[{"start":{"line":336,"column":24},"end":{"line":338,"column":3}}]},"152":{"type":"branch","line":339,"loc":{"start":{"line":339,"column":-2},"end":{"line":340,"column":7}},"locations":[{"start":{"line":339,"column":-2},"end":{"line":340,"column":7}}]},"153":{"type":"branch","line":340,"loc":{"start":{"line":340,"column":41},"end":{"line":344,"column":3}},"locations":[{"start":{"line":340,"column":41},"end":{"line":344,"column":3}}]},"154":{"type":"branch","line":341,"loc":{"start":{"line":341,"column":28},"end":{"line":343,"column":5}},"locations":[{"start":{"line":341,"column":28},"end":{"line":343,"column":5}}]},"155":{"type":"branch","line":345,"loc":{"start":{"line":345,"column":-2},"end":{"line":346,"column":1}},"locations":[{"start":{"line":345,"column":-2},"end":{"line":346,"column":1}}]},"156":{"type":"branch","line":350,"loc":{"start":{"line":350,"column":0},"end":{"line":365,"column":1}},"locations":[{"start":{"line":350,"column":0},"end":{"line":365,"column":1}}]},"157":{"type":"branch","line":351,"loc":{"start":{"line":351,"column":29},"end":{"line":353,"column":3}},"locations":[{"start":{"line":351,"column":29},"end":{"line":353,"column":3}}]},"158":{"type":"branch","line":354,"loc":{"start":{"line":354,"column":-2},"end":{"line":354,"column":6}},"locations":[{"start":{"line":354,"column":-2},"end":{"line":354,"column":6}}]},"159":{"type":"branch","line":354,"loc":{"start":{"line":354,"column":24},"end":{"line":356,"column":3}},"locations":[{"start":{"line":354,"column":24},"end":{"line":356,"column":3}}]},"160":{"type":"branch","line":357,"loc":{"start":{"line":357,"column":-2},"end":{"line":358,"column":13}},"locations":[{"start":{"line":357,"column":-2},"end":{"line":358,"column":13}}]},"161":{"type":"branch","line":358,"loc":{"start":{"line":358,"column":8},"end":{"line":358,"column":51}},"locations":[{"start":{"line":358,"column":8},"end":{"line":358,"column":51}}]},"162":{"type":"branch","line":358,"loc":{"start":{"line":358,"column":8},"end":{"line":358,"column":60}},"locations":[{"start":{"line":358,"column":8},"end":{"line":358,"column":60}}]},"163":{"type":"branch","line":360,"loc":{"start":{"line":360,"column":4},"end":{"line":360,"column":34}},"locations":[{"start":{"line":360,"column":4},"end":{"line":360,"column":34}}]},"164":{"type":"branch","line":360,"loc":{"start":{"line":360,"column":4},"end":{"line":360,"column":60}},"locations":[{"start":{"line":360,"column":4},"end":{"line":360,"column":60}}]},"165":{"type":"branch","line":362,"loc":{"start":{"line":362,"column":9},"end":{"line":363,"column":11}},"locations":[{"start":{"line":362,"column":9},"end":{"line":363,"column":11}}]},"166":{"type":"branch","line":362,"loc":{"start":{"line":362,"column":9},"end":{"line":364,"column":11}},"locations":[{"start":{"line":362,"column":9},"end":{"line":364,"column":11}}]},"167":{"type":"branch","line":369,"loc":{"start":{"line":369,"column":0},"end":{"line":390,"column":1}},"locations":[{"start":{"line":369,"column":0},"end":{"line":390,"column":1}}]},"168":{"type":"branch","line":370,"loc":{"start":{"line":370,"column":29},"end":{"line":372,"column":3}},"locations":[{"start":{"line":370,"column":29},"end":{"line":372,"column":3}}]},"169":{"type":"branch","line":373,"loc":{"start":{"line":373,"column":-2},"end":{"line":373,"column":6}},"locations":[{"start":{"line":373,"column":-2},"end":{"line":373,"column":6}}]},"170":{"type":"branch","line":373,"loc":{"start":{"line":373,"column":24},"end":{"line":375,"column":3}},"locations":[{"start":{"line":373,"column":24},"end":{"line":375,"column":3}}]},"171":{"type":"branch","line":376,"loc":{"start":{"line":376,"column":-2},"end":{"line":376,"column":7}},"locations":[{"start":{"line":376,"column":-2},"end":{"line":376,"column":7}}]},"172":{"type":"branch","line":376,"loc":{"start":{"line":376,"column":45},"end":{"line":388,"column":3}},"locations":[{"start":{"line":376,"column":45},"end":{"line":388,"column":3}}]},"173":{"type":"branch","line":378,"loc":{"start":{"line":378,"column":51},"end":{"line":386,"column":5}},"locations":[{"start":{"line":378,"column":51},"end":{"line":386,"column":5}}]},"174":{"type":"branch","line":379,"loc":{"start":{"line":379,"column":35},"end":{"line":385,"column":7}},"locations":[{"start":{"line":379,"column":35},"end":{"line":385,"column":7}}]},"175":{"type":"branch","line":387,"loc":{"start":{"line":387,"column":18},"end":{"line":387,"column":25}},"locations":[{"start":{"line":387,"column":18},"end":{"line":387,"column":25}}]},"176":{"type":"branch","line":389,"loc":{"start":{"line":389,"column":-2},"end":{"line":390,"column":1}},"locations":[{"start":{"line":389,"column":-2},"end":{"line":390,"column":1}}]},"177":{"type":"branch","line":392,"loc":{"start":{"line":392,"column":0},"end":{"line":413,"column":1}},"locations":[{"start":{"line":392,"column":0},"end":{"line":413,"column":1}}]},"178":{"type":"branch","line":393,"loc":{"start":{"line":393,"column":29},"end":{"line":395,"column":3}},"locations":[{"start":{"line":393,"column":29},"end":{"line":395,"column":3}}]},"179":{"type":"branch","line":396,"loc":{"start":{"line":396,"column":-2},"end":{"line":396,"column":6}},"locations":[{"start":{"line":396,"column":-2},"end":{"line":396,"column":6}}]},"180":{"type":"branch","line":396,"loc":{"start":{"line":396,"column":24},"end":{"line":398,"column":3}},"locations":[{"start":{"line":396,"column":24},"end":{"line":398,"column":3}}]},"181":{"type":"branch","line":399,"loc":{"start":{"line":399,"column":-2},"end":{"line":399,"column":7}},"locations":[{"start":{"line":399,"column":-2},"end":{"line":399,"column":7}}]},"182":{"type":"branch","line":399,"loc":{"start":{"line":399,"column":45},"end":{"line":411,"column":3}},"locations":[{"start":{"line":399,"column":45},"end":{"line":411,"column":3}}]},"183":{"type":"branch","line":402,"loc":{"start":{"line":402,"column":47},"end":{"line":407,"column":5}},"locations":[{"start":{"line":402,"column":47},"end":{"line":407,"column":5}}]},"184":{"type":"branch","line":403,"loc":{"start":{"line":403,"column":26},"end":{"line":406,"column":7}},"locations":[{"start":{"line":403,"column":26},"end":{"line":406,"column":7}}]},"185":{"type":"branch","line":412,"loc":{"start":{"line":412,"column":-2},"end":{"line":413,"column":1}},"locations":[{"start":{"line":412,"column":-2},"end":{"line":413,"column":1}}]},"186":{"type":"branch","line":415,"loc":{"start":{"line":415,"column":0},"end":{"line":432,"column":1}},"locations":[{"start":{"line":415,"column":0},"end":{"line":432,"column":1}}]},"187":{"type":"branch","line":416,"loc":{"start":{"line":416,"column":29},"end":{"line":418,"column":3}},"locations":[{"start":{"line":416,"column":29},"end":{"line":418,"column":3}}]},"188":{"type":"branch","line":419,"loc":{"start":{"line":419,"column":-2},"end":{"line":419,"column":6}},"locations":[{"start":{"line":419,"column":-2},"end":{"line":419,"column":6}}]},"189":{"type":"branch","line":419,"loc":{"start":{"line":419,"column":24},"end":{"line":421,"column":3}},"locations":[{"start":{"line":419,"column":24},"end":{"line":421,"column":3}}]},"190":{"type":"branch","line":422,"loc":{"start":{"line":422,"column":-2},"end":{"line":422,"column":7}},"locations":[{"start":{"line":422,"column":-2},"end":{"line":422,"column":7}}]},"191":{"type":"branch","line":422,"loc":{"start":{"line":422,"column":41},"end":{"line":430,"column":3}},"locations":[{"start":{"line":422,"column":41},"end":{"line":430,"column":3}}]},"192":{"type":"branch","line":425,"loc":{"start":{"line":425,"column":11},"end":{"line":425,"column":63}},"locations":[{"start":{"line":425,"column":11},"end":{"line":425,"column":63}}]},"193":{"type":"branch","line":425,"loc":{"start":{"line":425,"column":63},"end":{"line":428,"column":5}},"locations":[{"start":{"line":425,"column":63},"end":{"line":428,"column":5}}]},"194":{"type":"branch","line":431,"loc":{"start":{"line":431,"column":-2},"end":{"line":432,"column":1}},"locations":[{"start":{"line":431,"column":-2},"end":{"line":432,"column":1}}]},"195":{"type":"branch","line":438,"loc":{"start":{"line":438,"column":0},"end":{"line":455,"column":1}},"locations":[{"start":{"line":438,"column":0},"end":{"line":455,"column":1}}]},"196":{"type":"branch","line":439,"loc":{"start":{"line":439,"column":34},"end":{"line":441,"column":3}},"locations":[{"start":{"line":439,"column":34},"end":{"line":441,"column":3}}]},"197":{"type":"branch","line":442,"loc":{"start":{"line":442,"column":-2},"end":{"line":442,"column":12}},"locations":[{"start":{"line":442,"column":-2},"end":{"line":442,"column":12}}]},"198":{"type":"branch","line":442,"loc":{"start":{"line":442,"column":6},"end":{"line":442,"column":32}},"locations":[{"start":{"line":442,"column":6},"end":{"line":442,"column":32}}]},"199":{"type":"branch","line":442,"loc":{"start":{"line":442,"column":32},"end":{"line":444,"column":3}},"locations":[{"start":{"line":442,"column":32},"end":{"line":444,"column":3}}]},"200":{"type":"branch","line":445,"loc":{"start":{"line":445,"column":-2},"end":{"line":455,"column":1}},"locations":[{"start":{"line":445,"column":-2},"end":{"line":455,"column":1}}]},"201":{"type":"branch","line":459,"loc":{"start":{"line":459,"column":0},"end":{"line":468,"column":1}},"locations":[{"start":{"line":459,"column":0},"end":{"line":468,"column":1}}]},"202":{"type":"branch","line":461,"loc":{"start":{"line":461,"column":4},"end":{"line":462,"column":29}},"locations":[{"start":{"line":461,"column":4},"end":{"line":462,"column":29}}]},"203":{"type":"branch","line":461,"loc":{"start":{"line":461,"column":4},"end":{"line":463,"column":29}},"locations":[{"start":{"line":461,"column":4},"end":{"line":463,"column":29}}]},"204":{"type":"branch","line":461,"loc":{"start":{"line":461,"column":4},"end":{"line":464,"column":26}},"locations":[{"start":{"line":461,"column":4},"end":{"line":464,"column":26}}]},"205":{"type":"branch","line":465,"loc":{"start":{"line":465,"column":4},"end":{"line":467,"column":9}},"locations":[{"start":{"line":465,"column":4},"end":{"line":467,"column":9}}]},"206":{"type":"branch","line":467,"loc":{"start":{"line":467,"column":3},"end":{"line":467,"column":16}},"locations":[{"start":{"line":467,"column":3},"end":{"line":467,"column":16}}]},"207":{"type":"branch","line":472,"loc":{"start":{"line":472,"column":0},"end":{"line":529,"column":1}},"locations":[{"start":{"line":472,"column":0},"end":{"line":529,"column":1}}]},"208":{"type":"branch","line":473,"loc":{"start":{"line":473,"column":34},"end":{"line":475,"column":3}},"locations":[{"start":{"line":473,"column":34},"end":{"line":475,"column":3}}]},"209":{"type":"branch","line":476,"loc":{"start":{"line":476,"column":-2},"end":{"line":514,"column":6}},"locations":[{"start":{"line":476,"column":-2},"end":{"line":514,"column":6}}]},"210":{"type":"branch","line":514,"loc":{"start":{"line":514,"column":20},"end":{"line":516,"column":9}},"locations":[{"start":{"line":514,"column":20},"end":{"line":516,"column":9}}]},"211":{"type":"branch","line":516,"loc":{"start":{"line":516,"column":3},"end":{"line":528,"column":3}},"locations":[{"start":{"line":516,"column":3},"end":{"line":528,"column":3}}]},"212":{"type":"branch","line":518,"loc":{"start":{"line":518,"column":23},"end":{"line":526,"column":5}},"locations":[{"start":{"line":518,"column":23},"end":{"line":526,"column":5}}]},"213":{"type":"branch","line":519,"loc":{"start":{"line":519,"column":25},"end":{"line":525,"column":7}},"locations":[{"start":{"line":519,"column":25},"end":{"line":525,"column":7}}]},"214":{"type":"branch","line":520,"loc":{"start":{"line":520,"column":34},"end":{"line":524,"column":9}},"locations":[{"start":{"line":520,"column":34},"end":{"line":524,"column":9}}]},"215":{"type":"branch","line":533,"loc":{"start":{"line":533,"column":0},"end":{"line":587,"column":1}},"locations":[{"start":{"line":533,"column":0},"end":{"line":587,"column":1}}]},"216":{"type":"branch","line":534,"loc":{"start":{"line":534,"column":32},"end":{"line":536,"column":3}},"locations":[{"start":{"line":534,"column":32},"end":{"line":536,"column":3}}]},"217":{"type":"branch","line":537,"loc":{"start":{"line":537,"column":-2},"end":{"line":571,"column":7}},"locations":[{"start":{"line":537,"column":-2},"end":{"line":571,"column":7}}]},"218":{"type":"branch","line":571,"loc":{"start":{"line":571,"column":46},"end":{"line":578,"column":3}},"locations":[{"start":{"line":571,"column":46},"end":{"line":578,"column":3}}]},"219":{"type":"branch","line":572,"loc":{"start":{"line":572,"column":24},"end":{"line":577,"column":5}},"locations":[{"start":{"line":572,"column":24},"end":{"line":577,"column":5}}]},"220":{"type":"branch","line":573,"loc":{"start":{"line":573,"column":46},"end":{"line":576,"column":7}},"locations":[{"start":{"line":573,"column":46},"end":{"line":576,"column":7}}]},"221":{"type":"branch","line":579,"loc":{"start":{"line":579,"column":-2},"end":{"line":579,"column":6}},"locations":[{"start":{"line":579,"column":-2},"end":{"line":579,"column":6}}]},"222":{"type":"branch","line":579,"loc":{"start":{"line":579,"column":31},"end":{"line":582,"column":3}},"locations":[{"start":{"line":579,"column":31},"end":{"line":582,"column":3}}]},"223":{"type":"branch","line":583,"loc":{"start":{"line":583,"column":-2},"end":{"line":583,"column":7}},"locations":[{"start":{"line":583,"column":-2},"end":{"line":583,"column":7}}]},"224":{"type":"branch","line":583,"loc":{"start":{"line":583,"column":48},"end":{"line":585,"column":3}},"locations":[{"start":{"line":583,"column":48},"end":{"line":585,"column":3}}]},"225":{"type":"branch","line":586,"loc":{"start":{"line":586,"column":-2},"end":{"line":587,"column":1}},"locations":[{"start":{"line":586,"column":-2},"end":{"line":587,"column":1}}]}},"b":{"0":[4],"1":[2],"2":[2],"3":[1],"4":[8],"5":[7],"6":[1],"7":[7],"8":[3],"9":[1],"10":[6],"11":[2],"12":[1],"13":[5],"14":[1],"15":[1],"16":[4],"17":[2],"18":[1],"19":[3],"20":[2],"21":[1],"22":[2],"23":[1],"24":[1],"25":[1],"26":[8],"27":[6],"28":[6],"29":[2],"30":[6],"31":[4],"32":[6],"33":[4],"34":[6],"35":[3],"36":[6],"37":[4],"38":[2],"39":[2],"40":[2],"41":[1],"42":[1],"43":[17],"44":[2],"45":[15],"46":[1],"47":[14],"48":[1],"49":[13],"50":[12],"51":[2],"52":[11],"53":[10],"54":[2],"55":[9],"56":[8],"57":[2],"58":[7],"59":[6],"60":[2],"61":[5],"62":[4],"63":[2],"64":[3],"65":[2],"66":[3],"67":[2],"68":[198],"69":[98],"70":[5],"71":[1],"72":[4],"73":[45],"74":[6],"75":[4],"76":[1],"77":[3],"78":[8],"79":[1],"80":[7],"81":[12],"82":[9],"83":[7],"84":[1],"85":[0],"86":[4],"87":[1],"88":[3],"89":[23],"90":[3],"91":[3],"92":[1],"93":[2],"94":[1],"95":[0],"96":[1],"97":[4],"98":[1],"99":[3],"100":[11],"101":[3],"102":[3],"103":[1],"104":[2],"105":[1],"106":[4],"107":[1],"108":[1],"109":[4],"110":[1],"111":[3],"112":[1],"113":[2],"114":[8],"115":[2],"116":[2],"117":[4],"118":[1],"119":[3],"120":[1],"121":[2],"122":[12],"123":[3],"124":[2],"125":[4],"126":[1],"127":[3],"128":[1],"129":[2],"130":[13],"131":[3],"132":[2],"133":[4],"134":[1],"135":[3],"136":[1],"137":[2],"138":[13],"139":[6],"140":[2],"141":[4],"142":[1],"143":[3],"144":[1],"145":[2],"146":[13],"147":[2],"148":[4],"149":[1],"150":[3],"151":[1],"152":[2],"153":[8],"154":[5],"155":[2],"156":[4],"157":[1],"158":[3],"159":[1],"160":[2],"161":[1],"162":[1],"163":[1],"164":[1],"165":[1],"166":[1],"167":[4],"168":[1],"169":[3],"170":[1],"171":[2],"172":[5],"173":[13],"174":[7],"175":[2],"176":[2],"177":[4],"178":[1],"179":[3],"180":[1],"181":[2],"182":[7],"183":[23],"184":[10],"185":[2],"186":[4],"187":[1],"188":[3],"189":[1],"190":[2],"191":[5],"192":[7],"193":[4],"194":[2],"195":[10],"196":[1],"197":[9],"198":[8],"199":[2],"200":[7],"201":[4],"202":[3],"203":[3],"204":[3],"205":[1],"206":[3],"207":[5],"208":[1],"209":[4],"210":[1],"211":[3],"212":[6],"213":[115],"214":[6],"215":[6],"216":[1],"217":[5],"218":[19],"219":[159],"220":[14],"221":[5],"222":[3],"223":[5],"224":[11],"225":[5]},"fnMap":{"0":{"name":"getProductOrSumm","decl":{"start":{"line":5,"column":0},"end":{"line":12,"column":1}},"loc":{"start":{"line":5,"column":0},"end":{"line":12,"column":1}},"line":5},"1":{"name":"getPointPosition","decl":{"start":{"line":15,"column":0},"end":{"line":40,"column":1}},"loc":{"start":{"line":15,"column":0},"end":{"line":40,"column":1}},"line":15},"2":{"name":"calculateSummOnlyPositive","decl":{"start":{"line":43,"column":0},"end":{"line":58,"column":1}},"loc":{"start":{"line":43,"column":0},"end":{"line":58,"column":1}},"line":43},"3":{"name":"calculateMaxPlus3","decl":{"start":{"line":61,"column":0},"end":{"line":69,"column":1}},"loc":{"start":{"line":61,"column":0},"end":{"line":69,"column":1}},"line":61},"4":{"name":"getGrade","decl":{"start":{"line":73,"column":0},"end":{"line":101,"column":1}},"loc":{"start":{"line":73,"column":0},"end":{"line":101,"column":1}},"line":73},"5":{"name":"calculateSummofEvenNumbersFrom1to99","decl":{"start":{"line":107,"column":0},"end":{"line":117,"column":1}},"loc":{"start":{"line":107,"column":0},"end":{"line":117,"column":1}},"line":107},"6":{"name":"isPrimeNumber","decl":{"start":{"line":121,"column":0},"end":{"line":134,"column":1}},"loc":{"start":{"line":121,"column":0},"end":{"line":134,"column":1}},"line":121},"7":{"name":"getSqrt","decl":{"start":{"line":139,"column":0},"end":{"line":150,"column":1}},"loc":{"start":{"line":139,"column":0},"end":{"line":150,"column":1}},"line":139},"8":{"name":"getBinarySqrt","decl":{"start":{"line":152,"column":0},"end":{"line":168,"column":1}},"loc":{"start":{"line":152,"column":0},"end":{"line":168,"column":1}},"line":152},"9":{"name":"getFactorial","decl":{"start":{"line":172,"column":0},"end":{"line":181,"column":1}},"loc":{"start":{"line":172,"column":0},"end":{"line":181,"column":1}},"line":172},"10":{"name":"calculateSummOfDigits","decl":{"start":{"line":185,"column":0},"end":{"line":200,"column":1}},"loc":{"start":{"line":185,"column":0},"end":{"line":200,"column":1}},"line":185},"11":{"name":"reverseNumber","decl":{"start":{"line":204,"column":0},"end":{"line":217,"column":1}},"loc":{"start":{"line":204,"column":0},"end":{"line":217,"column":1}},"line":204},"12":{"name":"getMinEl","decl":{"start":{"line":222,"column":0},"end":{"line":236,"column":1}},"loc":{"start":{"line":222,"column":0},"end":{"line":236,"column":1}},"line":222},"13":{"name":"getMaxEl","decl":{"start":{"line":240,"column":0},"end":{"line":254,"column":1}},"loc":{"start":{"line":240,"column":0},"end":{"line":254,"column":1}},"line":240},"14":{"name":"getMinElIndex","decl":{"start":{"line":258,"column":0},"end":{"line":274,"column":1}},"loc":{"start":{"line":258,"column":0},"end":{"line":274,"column":1}},"line":258},"15":{"name":"getMaxElIndex","decl":{"start":{"line":278,"column":0},"end":{"line":294,"column":1}},"loc":{"start":{"line":278,"column":0},"end":{"line":294,"column":1}},"line":278},"16":{"name":"calculateSummOfOddIndex","decl":{"start":{"line":298,"column":0},"end":{"line":312,"column":1}},"loc":{"start":{"line":298,"column":0},"end":{"line":312,"column":1}},"line":298},"17":{"name":"reverseArray","decl":{"start":{"line":316,"column":0},"end":{"line":328,"column":1}},"loc":{"start":{"line":316,"column":0},"end":{"line":328,"column":1}},"line":316},"18":{"name":"getOddNumber","decl":{"start":{"line":332,"column":0},"end":{"line":346,"column":1}},"loc":{"start":{"line":332,"column":0},"end":{"line":346,"column":1}},"line":332},"19":{"name":"changeArrayParts","decl":{"start":{"line":350,"column":0},"end":{"line":365,"column":1}},"loc":{"start":{"line":350,"column":0},"end":{"line":365,"column":1}},"line":350},"20":{"name":"bubbleSort","decl":{"start":{"line":369,"column":0},"end":{"line":390,"column":1}},"loc":{"start":{"line":369,"column":0},"end":{"line":390,"column":1}},"line":369},"21":{"name":"selectSort","decl":{"start":{"line":392,"column":0},"end":{"line":413,"column":1}},"loc":{"start":{"line":392,"column":0},"end":{"line":413,"column":1}},"line":392},"22":{"name":"insertSort","decl":{"start":{"line":415,"column":0},"end":{"line":432,"column":1}},"loc":{"start":{"line":415,"column":0},"end":{"line":432,"column":1}},"line":415},"23":{"name":"getStringDayNumber","decl":{"start":{"line":438,"column":0},"end":{"line":455,"column":1}},"loc":{"start":{"line":438,"column":0},"end":{"line":455,"column":1}},"line":438},"24":{"name":"getDistance","decl":{"start":{"line":459,"column":0},"end":{"line":468,"column":1}},"loc":{"start":{"line":459,"column":0},"end":{"line":468,"column":1}},"line":459},"25":{"name":"convertToWords","decl":{"start":{"line":472,"column":0},"end":{"line":529,"column":1}},"loc":{"start":{"line":472,"column":0},"end":{"line":529,"column":1}},"line":472},"26":{"name":"convertWordToNumber","decl":{"start":{"line":533,"column":0},"end":{"line":587,"column":1}},"loc":{"start":{"line":533,"column":0},"end":{"line":587,"column":1}},"line":533}},"f":{"0":4,"1":8,"2":8,"3":4,"4":17,"5":2,"6":5,"7":8,"8":1,"9":4,"10":3,"11":4,"12":3,"13":4,"14":4,"15":4,"16":4,"17":4,"18":4,"19":4,"20":4,"21":4,"22":4,"23":10,"24":4,"25":5,"26":6}}
}
