TN:
SF:SkripnikHomework1.js
FN:5,getProductOrSumm
FN:15,getPointPosition
FN:43,calculateSummOnlyPositive
FN:61,calculateMaxPlus3
FN:73,getGrade
FN:107,calculateSummofEvenNumbersFrom1to99
FN:121,isPrimeNumber
FN:139,getSqrt
FN:152,getBinarySqrt
FN:172,getFactorial
FN:185,calculateSummOfDigits
FN:204,reverseNumber
FN:222,getMinEl
FN:240,getMaxEl
FN:258,getMinElIndex
FN:278,getMaxElIndex
FN:298,calculateSummOfOddIndex
FN:316,reverseArray
FN:332,getOddNumber
FN:350,changeArrayParts
FN:369,bubbleSort
FN:392,selectSort
FN:415,insertSort
FN:438,getStringDayNumber
FN:459,getDistance
FN:472,convertToWords
FN:533,convertWordToNumber
FNF:27
FNH:27
FNDA:4,getProductOrSumm
FNDA:8,getPointPosition
FNDA:8,calculateSummOnlyPositive
FNDA:4,calculateMaxPlus3
FNDA:17,getGrade
FNDA:2,calculateSummofEvenNumbersFrom1to99
FNDA:5,isPrimeNumber
FNDA:8,getSqrt
FNDA:1,getBinarySqrt
FNDA:4,getFactorial
FNDA:3,calculateSummOfDigits
FNDA:4,reverseNumber
FNDA:3,getMinEl
FNDA:4,getMaxEl
FNDA:4,getMinElIndex
FNDA:4,getMaxElIndex
FNDA:4,calculateSummOfOddIndex
FNDA:4,reverseArray
FNDA:4,getOddNumber
FNDA:4,changeArrayParts
FNDA:4,bubbleSort
FNDA:4,selectSort
FNDA:4,insertSort
FNDA:10,getStringDayNumber
FNDA:4,getDistance
FNDA:5,convertToWords
FNDA:6,convertWordToNumber
DA:1,1
DA:2,1
DA:3,1
DA:4,1
DA:5,4
DA:6,4
DA:7,2
DA:8,2
DA:9,4
DA:10,1
DA:11,4
DA:12,4
DA:13,1
DA:14,1
DA:15,8
DA:16,8
DA:17,1
DA:18,1
DA:19,8
DA:20,1
DA:21,1
DA:22,8
DA:23,1
DA:24,1
DA:25,8
DA:26,1
DA:27,1
DA:28,8
DA:29,1
DA:30,1
DA:31,8
DA:32,1
DA:33,1
DA:34,8
DA:35,1
DA:36,1
DA:37,8
DA:38,1
DA:39,1
DA:40,8
DA:41,1
DA:42,1
DA:43,8
DA:44,8
DA:45,2
DA:46,2
DA:47,6
DA:48,8
DA:49,4
DA:50,4
DA:51,8
DA:52,4
DA:53,4
DA:54,8
DA:55,3
DA:56,3
DA:57,6
DA:58,6
DA:59,1
DA:60,1
DA:61,4
DA:62,4
DA:63,2
DA:64,2
DA:65,2
DA:66,2
DA:67,2
DA:68,4
DA:69,4
DA:70,1
DA:71,1
DA:72,1
DA:73,17
DA:74,17
DA:75,2
DA:76,2
DA:77,17
DA:78,1
DA:79,1
DA:80,17
DA:81,1
DA:82,1
DA:83,17
DA:84,2
DA:85,2
DA:86,17
DA:87,2
DA:88,2
DA:89,17
DA:90,2
DA:91,2
DA:92,17
DA:93,2
DA:94,2
DA:95,17
DA:96,2
DA:97,2
DA:98,17
DA:99,3
DA:100,3
DA:101,17
DA:102,1
DA:103,1
DA:104,1
DA:105,1
DA:106,1
DA:107,2
DA:108,2
DA:109,2
DA:110,2
DA:111,198
DA:112,98
DA:113,98
DA:114,98
DA:115,198
DA:116,2
DA:117,2
DA:118,1
DA:119,1
DA:120,1
DA:121,5
DA:122,5
DA:123,1
DA:124,1
DA:125,4
DA:126,5
DA:127,45
DA:128,6
DA:129,6
DA:130,45
DA:131,5
DA:132,1
DA:133,5
DA:134,5
DA:135,1
DA:136,1
DA:137,1
DA:138,1
DA:139,8
DA:140,8
DA:141,1
DA:142,1
DA:143,7
DA:144,8
DA:145,12
DA:146,9
DA:147,9
DA:148,12
DA:149,7
DA:150,7
DA:151,1
DA:152,1
DA:153,1
DA:154,1
DA:155,1
DA:156,0
DA:157,0
DA:158,0
DA:159,0
DA:160,0
DA:161,0
DA:162,0
DA:163,0
DA:164,0
DA:165,0
DA:166,0
DA:167,0
DA:168,0
DA:169,1
DA:170,1
DA:171,1
DA:172,4
DA:173,4
DA:174,1
DA:175,1
DA:176,3
DA:177,4
DA:178,23
DA:179,23
DA:180,3
DA:181,3
DA:182,1
DA:183,1
DA:184,1
DA:185,3
DA:186,3
DA:187,1
DA:188,1
DA:189,3
DA:190,1
DA:191,1
DA:192,1
DA:193,1
DA:194,3
DA:195,0
DA:196,0
DA:197,0
DA:198,0
DA:199,1
DA:200,1
DA:201,1
DA:202,1
DA:203,1
DA:204,4
DA:205,4
DA:206,1
DA:207,1
DA:208,3
DA:209,3
DA:210,3
DA:211,4
DA:212,11
DA:213,11
DA:214,11
DA:215,11
DA:216,3
DA:217,3
DA:218,1
DA:219,1
DA:220,1
DA:221,1
DA:222,3
DA:223,3
DA:224,1
DA:225,1
DA:226,3
DA:227,1
DA:228,1
DA:229,1
DA:230,3
DA:231,4
DA:232,1
DA:233,1
DA:234,4
DA:235,1
DA:236,1
DA:237,1
DA:238,1
DA:239,1
DA:240,4
DA:241,4
DA:242,1
DA:243,1
DA:244,4
DA:245,1
DA:246,1
DA:247,2
DA:248,4
DA:249,8
DA:250,2
DA:251,2
DA:252,8
DA:253,2
DA:254,2
DA:255,1
DA:256,1
DA:257,1
DA:258,4
DA:259,4
DA:260,1
DA:261,1
DA:262,4
DA:263,1
DA:264,1
DA:265,2
DA:266,2
DA:267,4
DA:268,12
DA:269,3
DA:270,3
DA:271,3
DA:272,12
DA:273,2
DA:274,2
DA:275,1
DA:276,1
DA:277,1
DA:278,4
DA:279,4
DA:280,1
DA:281,1
DA:282,4
DA:283,1
DA:284,1
DA:285,2
DA:286,2
DA:287,4
DA:288,13
DA:289,3
DA:290,3
DA:291,3
DA:292,13
DA:293,2
DA:294,2
DA:295,1
DA:296,1
DA:297,1
DA:298,4
DA:299,4
DA:300,1
DA:301,1
DA:302,4
DA:303,1
DA:304,1
DA:305,2
DA:306,4
DA:307,13
DA:308,6
DA:309,6
DA:310,13
DA:311,2
DA:312,2
DA:313,1
DA:314,1
DA:315,1
DA:316,4
DA:317,4
DA:318,1
DA:319,1
DA:320,4
DA:321,1
DA:322,1
DA:323,2
DA:324,4
DA:325,13
DA:326,13
DA:327,2
DA:328,2
DA:329,1
DA:330,1
DA:331,1
DA:332,4
DA:333,4
DA:334,1
DA:335,1
DA:336,4
DA:337,1
DA:338,1
DA:339,2
DA:340,4
DA:341,8
DA:342,5
DA:343,5
DA:344,8
DA:345,2
DA:346,2
DA:347,1
DA:348,1
DA:349,1
DA:350,4
DA:351,4
DA:352,1
DA:353,1
DA:354,4
DA:355,1
DA:356,1
DA:357,2
DA:358,4
DA:359,4
DA:360,4
DA:361,4
DA:362,4
DA:363,1
DA:364,4
DA:365,4
DA:366,1
DA:367,1
DA:368,1
DA:369,4
DA:370,4
DA:371,1
DA:372,1
DA:373,4
DA:374,1
DA:375,1
DA:376,4
DA:377,5
DA:378,5
DA:379,13
DA:380,7
DA:381,7
DA:382,7
DA:383,7
DA:384,7
DA:385,7
DA:386,13
DA:387,5
DA:388,5
DA:389,2
DA:390,2
DA:391,1
DA:392,4
DA:393,4
DA:394,1
DA:395,1
DA:396,4
DA:397,1
DA:398,1
DA:399,4
DA:400,7
DA:401,7
DA:402,7
DA:403,23
DA:404,10
DA:405,10
DA:406,10
DA:407,23
DA:408,7
DA:409,7
DA:410,7
DA:411,7
DA:412,2
DA:413,2
DA:414,1
DA:415,4
DA:416,4
DA:417,1
DA:418,1
DA:419,4
DA:420,1
DA:421,1
DA:422,4
DA:423,5
DA:424,5
DA:425,5
DA:426,4
DA:427,4
DA:428,4
DA:429,5
DA:430,5
DA:431,2
DA:432,2
DA:433,1
DA:434,1
DA:435,1
DA:436,1
DA:437,1
DA:438,10
DA:439,10
DA:440,1
DA:441,1
DA:442,10
DA:443,2
DA:444,2
DA:445,7
DA:446,7
DA:447,7
DA:448,7
DA:449,7
DA:450,7
DA:451,7
DA:452,7
DA:453,7
DA:454,7
DA:455,7
DA:456,1
DA:457,1
DA:458,1
DA:459,4
DA:460,4
DA:461,4
DA:462,3
DA:463,3
DA:464,3
DA:465,4
DA:466,1
DA:467,4
DA:468,4
DA:469,1
DA:470,1
DA:471,1
DA:472,5
DA:473,5
DA:474,1
DA:475,1
DA:476,4
DA:477,4
DA:478,4
DA:479,4
DA:480,4
DA:481,4
DA:482,4
DA:483,4
DA:484,4
DA:485,4
DA:486,4
DA:487,4
DA:488,4
DA:489,4
DA:490,4
DA:491,4
DA:492,4
DA:493,4
DA:494,4
DA:495,4
DA:496,4
DA:497,4
DA:498,4
DA:499,4
DA:500,4
DA:501,4
DA:502,4
DA:503,4
DA:504,4
DA:505,4
DA:506,4
DA:507,4
DA:508,4
DA:509,4
DA:510,4
DA:511,4
DA:512,4
DA:513,4
DA:514,5
DA:515,1
DA:516,5
DA:517,3
DA:518,3
DA:519,6
DA:520,115
DA:521,6
DA:522,6
DA:523,6
DA:524,6
DA:525,115
DA:526,6
DA:527,3
DA:528,3
DA:529,5
DA:530,1
DA:531,1
DA:532,1
DA:533,6
DA:534,6
DA:535,1
DA:536,1
DA:537,5
DA:538,5
DA:539,5
DA:540,5
DA:541,5
DA:542,5
DA:543,5
DA:544,5
DA:545,5
DA:546,5
DA:547,5
DA:548,5
DA:549,5
DA:550,5
DA:551,5
DA:552,5
DA:553,5
DA:554,5
DA:555,5
DA:556,5
DA:557,5
DA:558,5
DA:559,5
DA:560,5
DA:561,5
DA:562,5
DA:563,5
DA:564,5
DA:565,5
DA:566,5
DA:567,5
DA:568,5
DA:569,5
DA:570,5
DA:571,6
DA:572,19
DA:573,159
DA:574,14
DA:575,14
DA:576,14
DA:577,159
DA:578,19
DA:579,6
DA:580,3
DA:581,3
DA:582,3
DA:583,6
DA:584,11
DA:585,11
DA:586,5
DA:587,5
DA:588,1
DA:589,1
DA:590,1
DA:591,1
DA:592,1
DA:593,1
DA:594,1
DA:595,1
DA:596,1
DA:597,1
DA:598,1
DA:599,1
DA:600,1
DA:601,1
DA:602,1
DA:603,1
DA:604,1
DA:605,1
DA:606,1
DA:607,1
DA:608,1
DA:609,1
DA:610,1
DA:611,1
DA:612,1
DA:613,1
DA:614,1
DA:615,1
DA:616,1
DA:617,1
LF:617
LH:600
BRDA:5,0,0,4
BRDA:6,1,0,2
BRDA:6,2,0,2
BRDA:9,3,0,1
BRDA:15,4,0,8
BRDA:16,5,0,7
BRDA:16,6,0,1
BRDA:19,7,0,7
BRDA:19,8,0,3
BRDA:19,9,0,1
BRDA:22,10,0,6
BRDA:22,11,0,2
BRDA:22,12,0,1
BRDA:25,13,0,5
BRDA:25,14,0,1
BRDA:25,15,0,1
BRDA:28,16,0,4
BRDA:28,17,0,2
BRDA:28,18,0,1
BRDA:31,19,0,3
BRDA:31,20,0,2
BRDA:31,21,0,1
BRDA:34,22,0,2
BRDA:34,23,0,1
BRDA:34,24,0,1
BRDA:37,25,0,1
BRDA:43,26,0,8
BRDA:44,27,0,6
BRDA:44,28,0,6
BRDA:44,29,0,2
BRDA:47,30,0,6
BRDA:48,31,0,4
BRDA:51,32,0,6
BRDA:51,33,0,4
BRDA:54,34,0,6
BRDA:54,35,0,3
BRDA:57,36,0,6
BRDA:61,37,0,4
BRDA:62,38,0,2
BRDA:62,39,0,2
BRDA:62,40,0,2
BRDA:68,41,0,1
BRDA:68,42,0,1
BRDA:73,43,0,17
BRDA:74,44,0,2
BRDA:77,45,0,15
BRDA:77,46,0,1
BRDA:80,47,0,14
BRDA:80,48,0,1
BRDA:83,49,0,13
BRDA:83,50,0,12
BRDA:83,51,0,2
BRDA:86,52,0,11
BRDA:86,53,0,10
BRDA:86,54,0,2
BRDA:89,55,0,9
BRDA:89,56,0,8
BRDA:89,57,0,2
BRDA:92,58,0,7
BRDA:92,59,0,6
BRDA:92,60,0,2
BRDA:95,61,0,5
BRDA:95,62,0,4
BRDA:95,63,0,2
BRDA:98,64,0,3
BRDA:98,65,0,2
BRDA:98,66,0,3
BRDA:107,67,0,2
BRDA:110,68,0,198
BRDA:111,69,0,98
BRDA:121,70,0,5
BRDA:122,71,0,1
BRDA:125,72,0,4
BRDA:126,73,0,45
BRDA:127,74,0,6
BRDA:131,75,0,4
BRDA:131,76,0,1
BRDA:133,77,0,3
BRDA:139,78,0,8
BRDA:140,79,0,1
BRDA:143,80,0,7
BRDA:144,81,0,12
BRDA:145,82,0,9
BRDA:149,83,0,7
BRDA:152,84,0,1
BRDA:156,85,0,0
BRDA:172,86,0,4
BRDA:173,87,0,1
BRDA:176,88,0,3
BRDA:177,89,0,23
BRDA:180,90,0,3
BRDA:185,91,0,3
BRDA:186,92,0,1
BRDA:189,93,0,2
BRDA:189,94,0,1
BRDA:194,95,0,0
BRDA:199,96,0,1
BRDA:204,97,0,4
BRDA:205,98,0,1
BRDA:208,99,0,3
BRDA:211,100,0,11
BRDA:216,101,0,3
BRDA:222,102,0,3
BRDA:223,103,0,1
BRDA:226,104,0,2
BRDA:226,105,0,1
BRDA:230,106,0,4
BRDA:231,107,0,1
BRDA:235,108,0,1
BRDA:240,109,0,4
BRDA:241,110,0,1
BRDA:244,111,0,3
BRDA:244,112,0,1
BRDA:247,113,0,2
BRDA:248,114,0,8
BRDA:249,115,0,2
BRDA:253,116,0,2
BRDA:258,117,0,4
BRDA:259,118,0,1
BRDA:262,119,0,3
BRDA:262,120,0,1
BRDA:265,121,0,2
BRDA:267,122,0,12
BRDA:268,123,0,3
BRDA:273,124,0,2
BRDA:278,125,0,4
BRDA:279,126,0,1
BRDA:282,127,0,3
BRDA:282,128,0,1
BRDA:285,129,0,2
BRDA:287,130,0,13
BRDA:288,131,0,3
BRDA:293,132,0,2
BRDA:298,133,0,4
BRDA:299,134,0,1
BRDA:302,135,0,3
BRDA:302,136,0,1
BRDA:305,137,0,2
BRDA:306,138,0,13
BRDA:307,139,0,6
BRDA:311,140,0,2
BRDA:316,141,0,4
BRDA:317,142,0,1
BRDA:320,143,0,3
BRDA:320,144,0,1
BRDA:323,145,0,2
BRDA:324,146,0,13
BRDA:327,147,0,2
BRDA:332,148,0,4
BRDA:333,149,0,1
BRDA:336,150,0,3
BRDA:336,151,0,1
BRDA:339,152,0,2
BRDA:340,153,0,8
BRDA:341,154,0,5
BRDA:345,155,0,2
BRDA:350,156,0,4
BRDA:351,157,0,1
BRDA:354,158,0,3
BRDA:354,159,0,1
BRDA:357,160,0,2
BRDA:358,161,0,1
BRDA:358,162,0,1
BRDA:360,163,0,1
BRDA:360,164,0,1
BRDA:362,165,0,1
BRDA:362,166,0,1
BRDA:369,167,0,4
BRDA:370,168,0,1
BRDA:373,169,0,3
BRDA:373,170,0,1
BRDA:376,171,0,2
BRDA:376,172,0,5
BRDA:378,173,0,13
BRDA:379,174,0,7
BRDA:387,175,0,2
BRDA:389,176,0,2
BRDA:392,177,0,4
BRDA:393,178,0,1
BRDA:396,179,0,3
BRDA:396,180,0,1
BRDA:399,181,0,2
BRDA:399,182,0,7
BRDA:402,183,0,23
BRDA:403,184,0,10
BRDA:412,185,0,2
BRDA:415,186,0,4
BRDA:416,187,0,1
BRDA:419,188,0,3
BRDA:419,189,0,1
BRDA:422,190,0,2
BRDA:422,191,0,5
BRDA:425,192,0,7
BRDA:425,193,0,4
BRDA:431,194,0,2
BRDA:438,195,0,10
BRDA:439,196,0,1
BRDA:442,197,0,9
BRDA:442,198,0,8
BRDA:442,199,0,2
BRDA:445,200,0,7
BRDA:459,201,0,4
BRDA:461,202,0,3
BRDA:461,203,0,3
BRDA:461,204,0,3
BRDA:465,205,0,1
BRDA:467,206,0,3
BRDA:472,207,0,5
BRDA:473,208,0,1
BRDA:476,209,0,4
BRDA:514,210,0,1
BRDA:516,211,0,3
BRDA:518,212,0,6
BRDA:519,213,0,115
BRDA:520,214,0,6
BRDA:533,215,0,6
BRDA:534,216,0,1
BRDA:537,217,0,5
BRDA:571,218,0,19
BRDA:572,219,0,159
BRDA:573,220,0,14
BRDA:579,221,0,5
BRDA:579,222,0,3
BRDA:583,223,0,5
BRDA:583,224,0,11
BRDA:586,225,0,5
BRF:226
BRH:224
end_of_record
